  INFO root [0x000038e0] [2025-02-23 20:48:06,507] - 
  INFO root [0x000038e0] [2025-02-23 20:48:06,507] - -----------------------------------------------------------------------------------------


  INFO root [0x000038e0] [2025-02-23 20:48:06,511] - Resmgr::initialize: KBE_ROOT=D:/IT/kbengine/
  INFO root [0x000038e0] [2025-02-23 20:48:06,511] - Resmgr::initialize: KBE_RES_PATH=D:/IT/kbengine/kbe/res/;D:/IT/kbengine/click/;D:/IT/kbengine/click/scripts/;D:/IT/kbengine/click/res/
  INFO root [0x000038e0] [2025-02-23 20:48:06,511] - Resmgr::initialize: KBE_BIN_PATH=D:/IT/kbengine/kbe/bin/server/
  INFO root [0x000038e0] [2025-02-23 20:48:06,517] - NetworkInterface::initialize(INTERNAL-TCP): bound to all interfaces with default route interface on 192.168.192.10 ( 192.168.192.10:57996 )
  INFO root [0x000038e0] [2025-02-23 20:48:06,517] - NetworkInterface::initialize(INTERNAL-TCP): address 192.168.192.10:57996, SOMAXCONN=511.
  INFO root [0x000038e0] [2025-02-23 20:48:06,517] - server-configs:
  INFO root [0x000038e0] [2025-02-23 20:48:06,517] - 	gameUpdateHertz : 10
  INFO root [0x000038e0] [2025-02-23 20:48:06,517] - 	defaultViewRadius : 80
  INFO root [0x000038e0] [2025-02-23 20:48:06,517] - 	defaultViewHysteresisArea : 5
  INFO root [0x000038e0] [2025-02-23 20:48:06,517] - 	entryScriptFile : kbemain
  INFO root [0x000038e0] [2025-02-23 20:48:06,517] - 	internalTcpAddr : 192.168.192.10:57996
  INFO root [0x000038e0] [2025-02-23 20:48:06,517] - 	componentID : 8001
  INFO root [0x000038e0] [2025-02-23 20:48:06,545] - Components::findLogger: found logger, addr:192.168.192.10:57980
  INFO root [0x000038e0] [2025-02-23 20:48:06,546] - Components::addComponent: reset orderLog, uid=42997!
  INFO root [0x000038e0] [2025-02-23 20:48:06,546] - Components::addComponent[logger], uid=42997, componentID=2000, globalorderid=1, grouporderid=1, totalcount=1
  INFO root [0x000038e0] [2025-02-23 20:48:06,548] - ---- cellapp Version: 2.5.10. ScriptVersion: 0.1.0. Pythoncore: 3.7.3. Protocol: 4478E9BD24C10143131E32BB1D739ABD. Config: Release X64. Built: 13:56:38 Feb  9 2025. AppID: 8001. UID: 42997. PID: 5516 ----
  INFO root [0x000038e0] [2025-02-23 20:48:06,548] - Server 14589: 12th Gen Intel(R) Core(TM) i7-12650H with 16502664kB RAM
  INFO root [0x000038e0] [2025-02-23 20:48:06,548] - ThreadPool::createThreadPool: creating  threadpool...
  INFO root [0x000038e0] [2025-02-23 20:48:06,548] - ThreadPool::createThreadPool: successfully(2), newThreadCount=1, normalMaxThreadCount=2, maxThreadCount=8
  INFO root [0x000038e0] [2025-02-23 20:48:06,689] - Script::install(): is successfully, Python=(3.7.3 (default, Feb  9 2025, 13:54:30) [MSC v.1942 64 bit (AMD64)])!
  INFO root [0x000038e0] [2025-02-23 20:48:06,689] - Script::install(): KBExtra is successfully!
 DEBUG root [0x000038e0] [2025-02-23 20:48:06,761] - loaded entity-script:Avatar(2).
 DEBUG root [0x000038e0] [2025-02-23 20:48:06,761] - loaded entity-script:Monster(3).
 DEBUG root [0x000038e0] [2025-02-23 20:48:06,761] - loaded entity-script:NPC(4).
 DEBUG root [0x000038e0] [2025-02-23 20:48:06,761] - loaded entity-script:Space(5).
 DEBUG root [0x000038e0] [2025-02-23 20:48:06,761] - loaded entity-script:SpawnPoint(6).
  INFO root [0x000038e0] [2025-02-23 20:48:06,761] - TelnetServer server is running on port 50000
  INFO root [0x000038e0] [2025-02-23 20:48:06,772] - ---- cellapp is running ----
 DEBUG root [0x000038e0] [2025-02-23 20:48:06,772] - Components::process(): Request for the process of identity...
  WARN root [0x000038e0] [2025-02-23 20:48:13,059] - Forwarding logs to logger[192.168.192.10:57980/0/0/0]...
 ERROR root [0x000038e0] [2025-02-23 20:55:03,995] - Components::removeComponentByChannel: logger : 2000, Abnormal exit(reason=TCPPacketReceiver::processRecv(): error=10054
)! Channel(timestamp=975416142212, lastReceivedTime=975129884387, inactivityExceptionPeriod=599500000)
   OFF root [0x000038e0] [2025-02-23 20:55:03,998] - The following logs sent to logger failed:
  WARN root [0x000038e0] [2025-02-23 20:55:03,998] - ==> [2025-02-23 20:55:03 996] TCPPacketReceiver::processPendingEvents(192.168.192.10:57980): Throwing REASON_GENERAL_NETWORK - WSAECONNRESET
 ERROR root [0x000038e0] [2025-02-23 20:55:03,998] - ==> [2025-02-23 20:55:03 996] Components::removeComponentByChannel: logger : 2000, Abnormal exit(reason=TCPPacketReceiver::processRecv(): error=10054
)! Channel(timestamp=975416142212, lastReceivedTime=975129884387, inactivityExceptionPeriod=599500000)
  WARN root [0x000038e0] [2025-02-23 20:55:04,079] - TCPPacketReceiver::processPendingEvents(192.168.192.10:57981): Throwing REASON_GENERAL_NETWORK - WSAECONNRESET
 ERROR root [0x000038e0] [2025-02-23 20:55:04,079] - Components::removeComponentByChannel: dbmgr : 4000, Abnormal exit(reason=TCPPacketReceiver::processRecv(): error=10054
)! Channel(timestamp=975416983249, lastReceivedTime=975133885666, inactivityExceptionPeriod=599500000)
  INFO root [0x000038e0] [2025-02-23 20:55:04,080] - Shutdowner::onShutdownBegin: shutting down(period=0, tickPeriod=1)
  INFO root [0x000038e0] [2025-02-23 20:55:04,080] - Shutdowner::onShutdown: shutting down
  INFO root [0x000038e0] [2025-02-23 20:55:04,080] - Spaces::destroySpace: 1.
 S_DBG root [0x000038e0] [2025-02-23 20:55:04,080] - onDestroy(2002)
 S_ERR root [0x000038e0] [2025-02-23 20:55:04,084] - Traceback (most recent call last):
  File "D:/IT/kbengine/click/scripts/cell\Monster.py", line 41, in onDestroy
    AI.onDestroy(self)
 S_ERR root [0x000038e0] [2025-02-23 20:55:04,094] -   File "D:/IT/kbengine/click/scripts/cell\interfaces\AI.py", line 24, in onDestroy
    Movement.onDestroy(self)
 S_ERR root [0x000038e0] [2025-02-23 20:55:04,103] -   File "D:/IT/kbengine/click/scripts/cell\interfaces\Movement.py", line 16, in onDestroy
    if self.followTimerID != -1:
 S_ERR root [0x000038e0] [2025-02-23 20:55:04,104] - AttributeError: 'Monster' object has no attribute 'followTimerID'
 S_DBG root [0x000038e0] [2025-02-23 20:55:04,104] - entity销毁 [Avatar] id:[2005]
  INFO root [0x000038e0] [2025-02-23 20:55:04,104] - Shutdowner::onShutdownEnd: shutting down
 DEBUG root [0x000038e0] [2025-02-23 20:55:04,105] - SpawnPoint::~SpawnPoint(): 2002
 DEBUG root [0x000038e0] [2025-02-23 20:55:04,105] - Monster::~Monster(): 1
 DEBUG root [0x000038e0] [2025-02-23 20:55:04,105] - Avatar::~Avatar(): 2005
 DEBUG root [0x000038e0] [2025-02-23 20:55:04,106] - Space::~Space(): 2001
 DEBUG root [0x000038e0] [2025-02-23 20:55:04,106] - EntityRef::destroyObjPool(): size 16.
 DEBUG root [0x000038e0] [2025-02-23 20:55:04,106] - Witness::destroyObjPool(): size 16.
  INFO root [0x000038e0] [2025-02-23 20:55:04,111] - Script::uninstall(): is successfully!
 DEBUG root [0x000038e0] [2025-02-23 20:55:04,111] - ThreadPool::destroy(): starting size 2.
  WARN root [0x000038e0] [2025-02-23 20:55:04,423] - ThreadPool::destroy(): waiting for thread(2)[0x2157ab6ad00,0x2157ab6a980,], try=1
