  INFO root [2025-02-23 19:30:37,902] - 
  INFO root [2025-02-23 19:30:37,902] - -----------------------------------------------------------------------------------------


  INFO root [2025-02-23 19:30:37,902] - Resmgr::initialize: KBE_ROOT=D:/IT/kbengine/
  INFO root [2025-02-23 19:30:37,902] - Resmgr::initialize: KBE_RES_PATH=D:/IT/kbengine/kbe/res/;D:/IT/kbengine/click/;D:/IT/kbengine/click/scripts/;D:/IT/kbengine/click/res/
  INFO root [2025-02-23 19:30:37,902] - Resmgr::initialize: KBE_BIN_PATH=D:/IT/kbengine/kbe/bin/server/
  INFO root [2025-02-23 19:30:37,914] - NetworkInterface::initialize(INTERNAL-TCP): bound to all interfaces with default route interface on 192.168.192.10 ( 192.168.192.10:53610 )
  INFO root [2025-02-23 19:30:37,914] - NetworkInterface::initialize(INTERNAL-TCP): address 192.168.192.10:53610, SOMAXCONN=511.
  INFO root [2025-02-23 19:30:37,915] - ---- tool Version: 2.5.10. ScriptVersion: 0.1.0. Pythoncore: 3.7.3. Protocol: EB8AE9F114C8797B1E70E1A629686A27. Config: Release X64. Built: 13:55:18 Feb  9 2025. AppID: 18446744073709551615. UID: 42997. PID: 30552 ----
  INFO root [2025-02-23 19:30:37,917] - Server 14589: 12th Gen Intel(R) Core(TM) i7-12650H with 16502664kB RAM
  INFO root [2025-02-23 19:30:37,917] - ThreadPool::createThreadPool: creating  threadpool...
  INFO root [2025-02-23 19:30:37,917] - ThreadPool::createThreadPool: successfully(2), newThreadCount=1, normalMaxThreadCount=2, maxThreadCount=8
  INFO root [2025-02-23 19:30:38,073] - Script::install(): is successfully, Python=(3.7.3 (default, Feb  9 2025, 13:54:30) [MSC v.1942 64 bit (AMD64)])!
  INFO root [2025-02-23 19:30:38,073] - Script::install(): KBExtra is successfully!
 DEBUG root [2025-02-23 19:30:38,246] - ClientSDK::writeServerErrorDescrsModule(): D:\IT\Unity\Project\Click\Assets\Plugins\kbengine_unity3d_plugins//ServerErrorDescrs.cs
 DEBUG root [2025-02-23 19:30:38,246] - ClientSDK::saveFile(): D:\IT\Unity\Project\Click\Assets\Plugins\kbengine_unity3d_plugins/ServerErrorDescrs.cs
 DEBUG root [2025-02-23 19:30:38,247] - ClientSDK::writeEngineMessagesModule(): D:\IT\Unity\Project\Click\Assets\Plugins\kbengine_unity3d_plugins//Messages.cs
 DEBUG root [2025-02-23 19:30:38,247] - ClientSDK::saveFile(): D:\IT\Unity\Project\Click\Assets\Plugins\kbengine_unity3d_plugins/Messages.cs
 DEBUG root [2025-02-23 19:30:38,248] - ClientSDK::saveFile(): D:\IT\Unity\Project\Click\Assets\Plugins\kbengine_unity3d_plugins/KBETypes.cs
 DEBUG root [2025-02-23 19:30:38,248] - ClientSDK::writeEntityDefsModule(): D:\IT\Unity\Project\Click\Assets\Plugins\kbengine_unity3d_plugins//EntityDef.cs
 DEBUG root [2025-02-23 19:30:38,249] - ClientSDK::saveFile(): D:\IT\Unity\Project\Click\Assets\Plugins\kbengine_unity3d_plugins/EntityDef.cs
 DEBUG root [2025-02-23 19:30:38,251] - ClientSDK::saveFile(): D:\IT\Unity\Project\Click\Assets\Plugins\kbengine_unity3d_plugins/CustomDataTypes.cs
 DEBUG root [2025-02-23 19:30:38,252] - ClientSDK::writeEntityModule(): D:\IT\Unity\Project\Click\Assets\Plugins\kbengine_unity3d_plugins//Account
 DEBUG root [2025-02-23 19:30:38,252] - ClientSDK::saveFile(): D:\IT\Unity\Project\Click\Assets\Plugins\kbengine_unity3d_plugins/AccountBase.cs
 DEBUG root [2025-02-23 19:30:38,253] - ClientSDK::saveFile(): D:\IT\Unity\Project\Click\Assets\Plugins\kbengine_unity3d_plugins/EntityCallAccountBase.cs
 DEBUG root [2025-02-23 19:30:38,253] - ClientSDK::writeEntityModule(): D:\IT\Unity\Project\Click\Assets\Plugins\kbengine_unity3d_plugins//Avatar
 DEBUG root [2025-02-23 19:30:38,253] - ClientSDK::saveFile(): D:\IT\Unity\Project\Click\Assets\Plugins\kbengine_unity3d_plugins/AvatarBase.cs
 DEBUG root [2025-02-23 19:30:38,254] - ClientSDK::saveFile(): D:\IT\Unity\Project\Click\Assets\Plugins\kbengine_unity3d_plugins/EntityCallAvatarBase.cs
 DEBUG root [2025-02-23 19:30:38,254] - ClientSDK::writeEntityModule(): D:\IT\Unity\Project\Click\Assets\Plugins\kbengine_unity3d_plugins//Monster
 DEBUG root [2025-02-23 19:30:38,254] - ClientSDK::saveFile(): D:\IT\Unity\Project\Click\Assets\Plugins\kbengine_unity3d_plugins/MonsterBase.cs
 DEBUG root [2025-02-23 19:30:38,255] - ClientSDK::saveFile(): D:\IT\Unity\Project\Click\Assets\Plugins\kbengine_unity3d_plugins/EntityCallMonsterBase.cs
 DEBUG root [2025-02-23 19:30:38,255] - ClientSDK::writeEntityModule(): D:\IT\Unity\Project\Click\Assets\Plugins\kbengine_unity3d_plugins//NPC
 DEBUG root [2025-02-23 19:30:38,255] - ClientSDK::saveFile(): D:\IT\Unity\Project\Click\Assets\Plugins\kbengine_unity3d_plugins/NPCBase.cs
 DEBUG root [2025-02-23 19:30:38,255] - ClientSDK::saveFile(): D:\IT\Unity\Project\Click\Assets\Plugins\kbengine_unity3d_plugins/EntityCallNPCBase.cs
 DEBUG root [2025-02-23 19:30:38,255] - ClientSDK::writeEntityModule(): D:\IT\Unity\Project\Click\Assets\Plugins\kbengine_unity3d_plugins//Space
 DEBUG root [2025-02-23 19:30:38,255] - ClientSDK::saveFile(): D:\IT\Unity\Project\Click\Assets\Plugins\kbengine_unity3d_plugins/SpaceBase.cs
 DEBUG root [2025-02-23 19:30:38,257] - ClientSDK::saveFile(): D:\IT\Unity\Project\Click\Assets\Plugins\kbengine_unity3d_plugins/EntityCallSpaceBase.cs
 DEBUG root [2025-02-23 19:30:38,257] - ClientSDK::writeEntityModule(): D:\IT\Unity\Project\Click\Assets\Plugins\kbengine_unity3d_plugins//SpawnPoint
 DEBUG root [2025-02-23 19:30:38,257] - ClientSDK::saveFile(): D:\IT\Unity\Project\Click\Assets\Plugins\kbengine_unity3d_plugins/SpawnPointBase.cs
 DEBUG root [2025-02-23 19:30:38,257] - ClientSDK::saveFile(): D:\IT\Unity\Project\Click\Assets\Plugins\kbengine_unity3d_plugins/EntityCallSpawnPointBase.cs
  INFO root [2025-02-23 19:30:38,261] - Script::uninstall(): is successfully!
 DEBUG root [2025-02-23 19:30:38,262] - ThreadPool::destroy(): starting size 2.
  WARN root [2025-02-23 19:30:38,564] - ThreadPool::destroy(): waiting for thread(2)[0x28ff9d4ead0,0x28ff9d4eb40,], try=1
 DEBUG root [2025-02-23 19:30:38,983] - TPThread::~TPThread(): 0x28ff9d4ead0
 DEBUG root [2025-02-23 19:30:38,983] - TPThread::~TPThread(): 0x28ff9d4eb40
 DEBUG root [2025-02-23 19:30:38,983] - ThreadPool::destroy(): successfully!
 DEBUG root [2025-02-23 19:30:38,985] - Bundle::destroyObjPool(): size 4.
 DEBUG root [2025-02-23 19:30:38,986] - Channel::destroyObjPool(): size 0.
 DEBUG root [2025-02-23 19:30:38,986] - TCPPacket::destroyObjPool(): size 0.
 DEBUG root [2025-02-23 19:30:38,986] - UDPPacket::destroyObjPool(): size 0.
 DEBUG root [2025-02-23 19:30:38,986] - EndPoint::destroyObjPool(): size 0.
 DEBUG root [2025-02-23 19:30:38,986] - Address::destroyObjPool(): size 0.
 DEBUG root [2025-02-23 19:30:38,986] - TCPPacketReceiver::destroyObjPool(): size 0.
 DEBUG root [2025-02-23 19:30:38,986] - UDPPacketReceiver::destroyObjPool(): size 0.
  INFO root [2025-02-23 19:30:38,986] - tool(18446744073709551615) has shut down. ClientSDK=true
  INFO root [2025-02-23 19:30:39,998] - EventDispatcher()::~EventDispatcher: Num timers = 2
  INFO root [2025-02-23 19:38:23,765] - 
  INFO root [2025-02-23 19:38:23,766] - -----------------------------------------------------------------------------------------


  INFO root [2025-02-23 19:38:23,766] - Resmgr::initialize: KBE_ROOT=D:/IT/kbengine/
  INFO root [2025-02-23 19:38:23,766] - Resmgr::initialize: KBE_RES_PATH=D:/IT/kbengine/kbe/res/;D:/IT/kbengine/click/;D:/IT/kbengine/click/scripts/;D:/IT/kbengine/click/res/
  INFO root [2025-02-23 19:38:23,766] - Resmgr::initialize: KBE_BIN_PATH=D:/IT/kbengine/kbe/bin/server/
  INFO root [2025-02-23 19:38:23,773] - NetworkInterface::initialize(INTERNAL-TCP): bound to all interfaces with default route interface on 192.168.192.10 ( 192.168.192.10:54267 )
  INFO root [2025-02-23 19:38:23,773] - NetworkInterface::initialize(INTERNAL-TCP): address 192.168.192.10:54267, SOMAXCONN=511.
  INFO root [2025-02-23 19:38:23,773] - ---- tool Version: 2.5.10. ScriptVersion: 0.1.0. Pythoncore: 3.7.3. Protocol: EB8AE9F114C8797B1E70E1A629686A27. Config: Release X64. Built: 13:55:18 Feb  9 2025. AppID: 18446744073709551615. UID: 42997. PID: 31884 ----
  INFO root [2025-02-23 19:38:23,773] - Server 14589: 12th Gen Intel(R) Core(TM) i7-12650H with 16502664kB RAM
  INFO root [2025-02-23 19:38:23,773] - ThreadPool::createThreadPool: creating  threadpool...
  INFO root [2025-02-23 19:38:23,774] - ThreadPool::createThreadPool: successfully(2), newThreadCount=1, normalMaxThreadCount=2, maxThreadCount=8
  INFO root [2025-02-23 19:38:23,919] - Script::install(): is successfully, Python=(3.7.3 (default, Feb  9 2025, 13:54:30) [MSC v.1942 64 bit (AMD64)])!
  INFO root [2025-02-23 19:38:23,919] - Script::install(): KBExtra is successfully!
 DEBUG root [2025-02-23 19:38:24,073] - ClientSDK::writeServerErrorDescrsModule(): D:\IT\Unity\Project\Click\Assets\Plugins\kbengine_unity3d_plugins//ServerErrorDescrs.cs
 DEBUG root [2025-02-23 19:38:24,073] - ClientSDK::saveFile(): D:\IT\Unity\Project\Click\Assets\Plugins\kbengine_unity3d_plugins/ServerErrorDescrs.cs
 DEBUG root [2025-02-23 19:38:24,074] - ClientSDK::writeEngineMessagesModule(): D:\IT\Unity\Project\Click\Assets\Plugins\kbengine_unity3d_plugins//Messages.cs
 DEBUG root [2025-02-23 19:38:24,074] - ClientSDK::saveFile(): D:\IT\Unity\Project\Click\Assets\Plugins\kbengine_unity3d_plugins/Messages.cs
 DEBUG root [2025-02-23 19:38:24,076] - ClientSDK::saveFile(): D:\IT\Unity\Project\Click\Assets\Plugins\kbengine_unity3d_plugins/KBETypes.cs
 DEBUG root [2025-02-23 19:38:24,077] - ClientSDK::writeEntityDefsModule(): D:\IT\Unity\Project\Click\Assets\Plugins\kbengine_unity3d_plugins//EntityDef.cs
 DEBUG root [2025-02-23 19:38:24,077] - ClientSDK::saveFile(): D:\IT\Unity\Project\Click\Assets\Plugins\kbengine_unity3d_plugins/EntityDef.cs
 DEBUG root [2025-02-23 19:38:24,078] - ClientSDK::saveFile(): D:\IT\Unity\Project\Click\Assets\Plugins\kbengine_unity3d_plugins/CustomDataTypes.cs
 DEBUG root [2025-02-23 19:38:24,078] - ClientSDK::writeEntityModule(): D:\IT\Unity\Project\Click\Assets\Plugins\kbengine_unity3d_plugins//Account
 DEBUG root [2025-02-23 19:38:24,078] - ClientSDK::saveFile(): D:\IT\Unity\Project\Click\Assets\Plugins\kbengine_unity3d_plugins/AccountBase.cs
 DEBUG root [2025-02-23 19:38:24,079] - ClientSDK::saveFile(): D:\IT\Unity\Project\Click\Assets\Plugins\kbengine_unity3d_plugins/EntityCallAccountBase.cs
 DEBUG root [2025-02-23 19:38:24,079] - ClientSDK::writeEntityModule(): D:\IT\Unity\Project\Click\Assets\Plugins\kbengine_unity3d_plugins//Avatar
 DEBUG root [2025-02-23 19:38:24,079] - ClientSDK::saveFile(): D:\IT\Unity\Project\Click\Assets\Plugins\kbengine_unity3d_plugins/AvatarBase.cs
 DEBUG root [2025-02-23 19:38:24,079] - ClientSDK::saveFile(): D:\IT\Unity\Project\Click\Assets\Plugins\kbengine_unity3d_plugins/EntityCallAvatarBase.cs
 DEBUG root [2025-02-23 19:38:24,081] - ClientSDK::writeEntityModule(): D:\IT\Unity\Project\Click\Assets\Plugins\kbengine_unity3d_plugins//Monster
 DEBUG root [2025-02-23 19:38:24,081] - ClientSDK::saveFile(): D:\IT\Unity\Project\Click\Assets\Plugins\kbengine_unity3d_plugins/MonsterBase.cs
 DEBUG root [2025-02-23 19:38:24,081] - ClientSDK::saveFile(): D:\IT\Unity\Project\Click\Assets\Plugins\kbengine_unity3d_plugins/EntityCallMonsterBase.cs
 DEBUG root [2025-02-23 19:38:24,081] - ClientSDK::writeEntityModule(): D:\IT\Unity\Project\Click\Assets\Plugins\kbengine_unity3d_plugins//NPC
 DEBUG root [2025-02-23 19:38:24,082] - ClientSDK::saveFile(): D:\IT\Unity\Project\Click\Assets\Plugins\kbengine_unity3d_plugins/NPCBase.cs
 DEBUG root [2025-02-23 19:38:24,082] - ClientSDK::saveFile(): D:\IT\Unity\Project\Click\Assets\Plugins\kbengine_unity3d_plugins/EntityCallNPCBase.cs
 DEBUG root [2025-02-23 19:38:24,082] - ClientSDK::writeEntityModule(): D:\IT\Unity\Project\Click\Assets\Plugins\kbengine_unity3d_plugins//Space
 DEBUG root [2025-02-23 19:38:24,082] - ClientSDK::saveFile(): D:\IT\Unity\Project\Click\Assets\Plugins\kbengine_unity3d_plugins/SpaceBase.cs
 DEBUG root [2025-02-23 19:38:24,083] - ClientSDK::saveFile(): D:\IT\Unity\Project\Click\Assets\Plugins\kbengine_unity3d_plugins/EntityCallSpaceBase.cs
 DEBUG root [2025-02-23 19:38:24,083] - ClientSDK::writeEntityModule(): D:\IT\Unity\Project\Click\Assets\Plugins\kbengine_unity3d_plugins//SpawnPoint
 DEBUG root [2025-02-23 19:38:24,083] - ClientSDK::saveFile(): D:\IT\Unity\Project\Click\Assets\Plugins\kbengine_unity3d_plugins/SpawnPointBase.cs
 DEBUG root [2025-02-23 19:38:24,083] - ClientSDK::saveFile(): D:\IT\Unity\Project\Click\Assets\Plugins\kbengine_unity3d_plugins/EntityCallSpawnPointBase.cs
  INFO root [2025-02-23 19:38:24,090] - Script::uninstall(): is successfully!
 DEBUG root [2025-02-23 19:38:24,090] - ThreadPool::destroy(): starting size 2.
  WARN root [2025-02-23 19:38:24,404] - ThreadPool::destroy(): waiting for thread(2)[0x28ea9575110,0x28ea9575490,], try=1
 DEBUG root [2025-02-23 19:38:24,828] - TPThread::~TPThread(): 0x28ea9575110
 DEBUG root [2025-02-23 19:38:24,828] - TPThread::~TPThread(): 0x28ea9575490
 DEBUG root [2025-02-23 19:38:24,828] - ThreadPool::destroy(): successfully!
 DEBUG root [2025-02-23 19:38:24,829] - Bundle::destroyObjPool(): size 4.
 DEBUG root [2025-02-23 19:38:24,829] - Channel::destroyObjPool(): size 0.
 DEBUG root [2025-02-23 19:38:24,829] - TCPPacket::destroyObjPool(): size 0.
 DEBUG root [2025-02-23 19:38:24,829] - UDPPacket::destroyObjPool(): size 0.
 DEBUG root [2025-02-23 19:38:24,829] - EndPoint::destroyObjPool(): size 0.
 DEBUG root [2025-02-23 19:38:24,829] - Address::destroyObjPool(): size 0.
 DEBUG root [2025-02-23 19:38:24,829] - TCPPacketReceiver::destroyObjPool(): size 0.
 DEBUG root [2025-02-23 19:38:24,829] - UDPPacketReceiver::destroyObjPool(): size 0.
  INFO root [2025-02-23 19:38:24,829] - tool(18446744073709551615) has shut down. ClientSDK=true
  INFO root [2025-02-23 19:38:25,836] - EventDispatcher()::~EventDispatcher: Num timers = 2
  INFO root [2025-02-23 20:12:31,555] - 
  INFO root [2025-02-23 20:12:31,555] - -----------------------------------------------------------------------------------------


  INFO root [2025-02-23 20:12:31,555] - Resmgr::initialize: KBE_ROOT=D:/IT/kbengine/
  INFO root [2025-02-23 20:12:31,555] - Resmgr::initialize: KBE_RES_PATH=D:/IT/kbengine/kbe/res/;D:/IT/kbengine/click/;D:/IT/kbengine/click/scripts/;D:/IT/kbengine/click/res/
  INFO root [2025-02-23 20:12:31,555] - Resmgr::initialize: KBE_BIN_PATH=D:/IT/kbengine/kbe/bin/server/
  INFO root [2025-02-23 20:12:31,563] - NetworkInterface::initialize(INTERNAL-TCP): bound to all interfaces with default route interface on 192.168.192.10 ( 192.168.192.10:56006 )
  INFO root [2025-02-23 20:12:31,564] - NetworkInterface::initialize(INTERNAL-TCP): address 192.168.192.10:56006, SOMAXCONN=511.
  INFO root [2025-02-23 20:12:31,565] - ---- tool Version: 2.5.10. ScriptVersion: 0.1.0. Pythoncore: 3.7.3. Protocol: EB8AE9F114C8797B1E70E1A629686A27. Config: Release X64. Built: 13:55:18 Feb  9 2025. AppID: 18446744073709551615. UID: 42997. PID: 16212 ----
  INFO root [2025-02-23 20:12:31,565] - Server 14589: 12th Gen Intel(R) Core(TM) i7-12650H with 16502664kB RAM
  INFO root [2025-02-23 20:12:31,565] - ThreadPool::createThreadPool: creating  threadpool...
  INFO root [2025-02-23 20:12:31,565] - ThreadPool::createThreadPool: successfully(2), newThreadCount=1, normalMaxThreadCount=2, maxThreadCount=8
  INFO root [2025-02-23 20:12:31,741] - Script::install(): is successfully, Python=(3.7.3 (default, Feb  9 2025, 13:54:30) [MSC v.1942 64 bit (AMD64)])!
  INFO root [2025-02-23 20:12:31,741] - Script::install(): KBExtra is successfully!
 DEBUG root [2025-02-23 20:12:31,986] - ClientSDK::writeServerErrorDescrsModule(): D:\IT\Unity\Project\Click\Assets\Plugins\kbengine_unity3d_plugins//ServerErrorDescrs.cs
 DEBUG root [2025-02-23 20:12:31,986] - ClientSDK::saveFile(): D:\IT\Unity\Project\Click\Assets\Plugins\kbengine_unity3d_plugins/ServerErrorDescrs.cs
 DEBUG root [2025-02-23 20:12:31,989] - ClientSDK::writeEngineMessagesModule(): D:\IT\Unity\Project\Click\Assets\Plugins\kbengine_unity3d_plugins//Messages.cs
 DEBUG root [2025-02-23 20:12:31,990] - ClientSDK::saveFile(): D:\IT\Unity\Project\Click\Assets\Plugins\kbengine_unity3d_plugins/Messages.cs
 DEBUG root [2025-02-23 20:12:31,992] - ClientSDK::saveFile(): D:\IT\Unity\Project\Click\Assets\Plugins\kbengine_unity3d_plugins/KBETypes.cs
 DEBUG root [2025-02-23 20:12:31,993] - ClientSDK::writeEntityDefsModule(): D:\IT\Unity\Project\Click\Assets\Plugins\kbengine_unity3d_plugins//EntityDef.cs
 DEBUG root [2025-02-23 20:12:31,994] - ClientSDK::saveFile(): D:\IT\Unity\Project\Click\Assets\Plugins\kbengine_unity3d_plugins/EntityDef.cs
 DEBUG root [2025-02-23 20:12:31,995] - ClientSDK::saveFile(): D:\IT\Unity\Project\Click\Assets\Plugins\kbengine_unity3d_plugins/CustomDataTypes.cs
 DEBUG root [2025-02-23 20:12:31,995] - ClientSDK::writeEntityModule(): D:\IT\Unity\Project\Click\Assets\Plugins\kbengine_unity3d_plugins//Account
 DEBUG root [2025-02-23 20:12:31,996] - ClientSDK::saveFile(): D:\IT\Unity\Project\Click\Assets\Plugins\kbengine_unity3d_plugins/AccountBase.cs
 DEBUG root [2025-02-23 20:12:31,996] - ClientSDK::saveFile(): D:\IT\Unity\Project\Click\Assets\Plugins\kbengine_unity3d_plugins/EntityCallAccountBase.cs
 DEBUG root [2025-02-23 20:12:31,997] - ClientSDK::writeEntityModule(): D:\IT\Unity\Project\Click\Assets\Plugins\kbengine_unity3d_plugins//Avatar
 DEBUG root [2025-02-23 20:12:31,997] - ClientSDK::saveFile(): D:\IT\Unity\Project\Click\Assets\Plugins\kbengine_unity3d_plugins/AvatarBase.cs
 DEBUG root [2025-02-23 20:12:31,997] - ClientSDK::saveFile(): D:\IT\Unity\Project\Click\Assets\Plugins\kbengine_unity3d_plugins/EntityCallAvatarBase.cs
 DEBUG root [2025-02-23 20:12:31,997] - ClientSDK::writeEntityModule(): D:\IT\Unity\Project\Click\Assets\Plugins\kbengine_unity3d_plugins//Monster
 DEBUG root [2025-02-23 20:12:31,998] - ClientSDK::saveFile(): D:\IT\Unity\Project\Click\Assets\Plugins\kbengine_unity3d_plugins/MonsterBase.cs
 DEBUG root [2025-02-23 20:12:31,998] - ClientSDK::saveFile(): D:\IT\Unity\Project\Click\Assets\Plugins\kbengine_unity3d_plugins/EntityCallMonsterBase.cs
 DEBUG root [2025-02-23 20:12:31,998] - ClientSDK::writeEntityModule(): D:\IT\Unity\Project\Click\Assets\Plugins\kbengine_unity3d_plugins//NPC
 DEBUG root [2025-02-23 20:12:31,999] - ClientSDK::saveFile(): D:\IT\Unity\Project\Click\Assets\Plugins\kbengine_unity3d_plugins/NPCBase.cs
 DEBUG root [2025-02-23 20:12:31,999] - ClientSDK::saveFile(): D:\IT\Unity\Project\Click\Assets\Plugins\kbengine_unity3d_plugins/EntityCallNPCBase.cs
 DEBUG root [2025-02-23 20:12:32,000] - ClientSDK::writeEntityModule(): D:\IT\Unity\Project\Click\Assets\Plugins\kbengine_unity3d_plugins//Space
 DEBUG root [2025-02-23 20:12:32,000] - ClientSDK::saveFile(): D:\IT\Unity\Project\Click\Assets\Plugins\kbengine_unity3d_plugins/SpaceBase.cs
 DEBUG root [2025-02-23 20:12:32,000] - ClientSDK::saveFile(): D:\IT\Unity\Project\Click\Assets\Plugins\kbengine_unity3d_plugins/EntityCallSpaceBase.cs
 DEBUG root [2025-02-23 20:12:32,000] - ClientSDK::writeEntityModule(): D:\IT\Unity\Project\Click\Assets\Plugins\kbengine_unity3d_plugins//SpawnPoint
 DEBUG root [2025-02-23 20:12:32,000] - ClientSDK::saveFile(): D:\IT\Unity\Project\Click\Assets\Plugins\kbengine_unity3d_plugins/SpawnPointBase.cs
 DEBUG root [2025-02-23 20:12:32,002] - ClientSDK::saveFile(): D:\IT\Unity\Project\Click\Assets\Plugins\kbengine_unity3d_plugins/EntityCallSpawnPointBase.cs
  INFO root [2025-02-23 20:12:32,010] - Script::uninstall(): is successfully!
 DEBUG root [2025-02-23 20:12:32,010] - ThreadPool::destroy(): starting size 2.
  WARN root [2025-02-23 20:12:32,315] - ThreadPool::destroy(): waiting for thread(2)[0x204871c1170,0x204871c1250,], try=1
 DEBUG root [2025-02-23 20:12:32,735] - TPThread::~TPThread(): 0x204871c1170
 DEBUG root [2025-02-23 20:12:32,735] - TPThread::~TPThread(): 0x204871c1250
 DEBUG root [2025-02-23 20:12:32,735] - ThreadPool::destroy(): successfully!
 DEBUG root [2025-02-23 20:12:32,736] - Bundle::destroyObjPool(): size 4.
 DEBUG root [2025-02-23 20:12:32,736] - Channel::destroyObjPool(): size 0.
 DEBUG root [2025-02-23 20:12:32,736] - TCPPacket::destroyObjPool(): size 0.
 DEBUG root [2025-02-23 20:12:32,736] - UDPPacket::destroyObjPool(): size 0.
 DEBUG root [2025-02-23 20:12:32,736] - EndPoint::destroyObjPool(): size 0.
 DEBUG root [2025-02-23 20:12:32,736] - Address::destroyObjPool(): size 0.
 DEBUG root [2025-02-23 20:12:32,736] - TCPPacketReceiver::destroyObjPool(): size 0.
 DEBUG root [2025-02-23 20:12:32,736] - UDPPacketReceiver::destroyObjPool(): size 0.
  INFO root [2025-02-23 20:12:32,736] - tool(18446744073709551615) has shut down. ClientSDK=true
  INFO root [2025-02-23 20:12:33,742] - EventDispatcher()::~EventDispatcher: Num timers = 2
  INFO root [2025-02-23 20:39:44,323] - 
  INFO root [2025-02-23 20:39:44,323] - -----------------------------------------------------------------------------------------


  INFO root [2025-02-23 20:39:44,323] - Resmgr::initialize: KBE_ROOT=D:/IT/kbengine/
  INFO root [2025-02-23 20:39:44,323] - Resmgr::initialize: KBE_RES_PATH=D:/IT/kbengine/kbe/res/;D:/IT/kbengine/click/;D:/IT/kbengine/click/scripts/;D:/IT/kbengine/click/res/
  INFO root [2025-02-23 20:39:44,323] - Resmgr::initialize: KBE_BIN_PATH=D:/IT/kbengine/kbe/bin/server/
  INFO root [2025-02-23 20:39:44,332] - NetworkInterface::initialize(INTERNAL-TCP): bound to all interfaces with default route interface on 192.168.192.10 ( 192.168.192.10:57536 )
  INFO root [2025-02-23 20:39:44,333] - NetworkInterface::initialize(INTERNAL-TCP): address 192.168.192.10:57536, SOMAXCONN=511.
  INFO root [2025-02-23 20:39:44,334] - ---- tool Version: 2.5.10. ScriptVersion: 0.1.0. Pythoncore: 3.7.3. Protocol: EB8AE9F114C8797B1E70E1A629686A27. Config: Release X64. Built: 13:55:18 Feb  9 2025. AppID: 18446744073709551615. UID: 42997. PID: 31704 ----
  INFO root [2025-02-23 20:39:44,334] - Server 14589: 12th Gen Intel(R) Core(TM) i7-12650H with 16502664kB RAM
  INFO root [2025-02-23 20:39:44,334] - ThreadPool::createThreadPool: creating  threadpool...
  INFO root [2025-02-23 20:39:44,334] - ThreadPool::createThreadPool: successfully(2), newThreadCount=1, normalMaxThreadCount=2, maxThreadCount=8
  INFO root [2025-02-23 20:39:44,476] - Script::install(): is successfully, Python=(3.7.3 (default, Feb  9 2025, 13:54:30) [MSC v.1942 64 bit (AMD64)])!
  INFO root [2025-02-23 20:39:44,476] - Script::install(): KBExtra is successfully!
 DEBUG root [2025-02-23 20:39:44,628] - ClientSDK::writeServerErrorDescrsModule(): D:\IT\Unity\Project\Click\Assets\Plugins\kbengine_unity3d_plugins//ServerErrorDescrs.cs
 DEBUG root [2025-02-23 20:39:44,628] - ClientSDK::saveFile(): D:\IT\Unity\Project\Click\Assets\Plugins\kbengine_unity3d_plugins/ServerErrorDescrs.cs
 DEBUG root [2025-02-23 20:39:44,628] - ClientSDK::writeEngineMessagesModule(): D:\IT\Unity\Project\Click\Assets\Plugins\kbengine_unity3d_plugins//Messages.cs
 DEBUG root [2025-02-23 20:39:44,629] - ClientSDK::saveFile(): D:\IT\Unity\Project\Click\Assets\Plugins\kbengine_unity3d_plugins/Messages.cs
 DEBUG root [2025-02-23 20:39:44,630] - ClientSDK::saveFile(): D:\IT\Unity\Project\Click\Assets\Plugins\kbengine_unity3d_plugins/KBETypes.cs
 DEBUG root [2025-02-23 20:39:44,630] - ClientSDK::writeEntityDefsModule(): D:\IT\Unity\Project\Click\Assets\Plugins\kbengine_unity3d_plugins//EntityDef.cs
 DEBUG root [2025-02-23 20:39:44,631] - ClientSDK::saveFile(): D:\IT\Unity\Project\Click\Assets\Plugins\kbengine_unity3d_plugins/EntityDef.cs
 DEBUG root [2025-02-23 20:39:44,631] - ClientSDK::saveFile(): D:\IT\Unity\Project\Click\Assets\Plugins\kbengine_unity3d_plugins/CustomDataTypes.cs
 DEBUG root [2025-02-23 20:39:44,631] - ClientSDK::writeEntityModule(): D:\IT\Unity\Project\Click\Assets\Plugins\kbengine_unity3d_plugins//Account
 DEBUG root [2025-02-23 20:39:44,632] - ClientSDK::saveFile(): D:\IT\Unity\Project\Click\Assets\Plugins\kbengine_unity3d_plugins/AccountBase.cs
 DEBUG root [2025-02-23 20:39:44,632] - ClientSDK::saveFile(): D:\IT\Unity\Project\Click\Assets\Plugins\kbengine_unity3d_plugins/EntityCallAccountBase.cs
 DEBUG root [2025-02-23 20:39:44,635] - ClientSDK::writeEntityModule(): D:\IT\Unity\Project\Click\Assets\Plugins\kbengine_unity3d_plugins//Avatar
 DEBUG root [2025-02-23 20:39:44,635] - ClientSDK::saveFile(): D:\IT\Unity\Project\Click\Assets\Plugins\kbengine_unity3d_plugins/AvatarBase.cs
 DEBUG root [2025-02-23 20:39:44,636] - ClientSDK::saveFile(): D:\IT\Unity\Project\Click\Assets\Plugins\kbengine_unity3d_plugins/EntityCallAvatarBase.cs
 DEBUG root [2025-02-23 20:39:44,636] - ClientSDK::writeEntityModule(): D:\IT\Unity\Project\Click\Assets\Plugins\kbengine_unity3d_plugins//Monster
 DEBUG root [2025-02-23 20:39:44,636] - ClientSDK::saveFile(): D:\IT\Unity\Project\Click\Assets\Plugins\kbengine_unity3d_plugins/MonsterBase.cs
 DEBUG root [2025-02-23 20:39:44,637] - ClientSDK::saveFile(): D:\IT\Unity\Project\Click\Assets\Plugins\kbengine_unity3d_plugins/EntityCallMonsterBase.cs
 DEBUG root [2025-02-23 20:39:44,637] - ClientSDK::writeEntityModule(): D:\IT\Unity\Project\Click\Assets\Plugins\kbengine_unity3d_plugins//NPC
 DEBUG root [2025-02-23 20:39:44,637] - ClientSDK::saveFile(): D:\IT\Unity\Project\Click\Assets\Plugins\kbengine_unity3d_plugins/NPCBase.cs
 DEBUG root [2025-02-23 20:39:44,637] - ClientSDK::saveFile(): D:\IT\Unity\Project\Click\Assets\Plugins\kbengine_unity3d_plugins/EntityCallNPCBase.cs
 DEBUG root [2025-02-23 20:39:44,639] - ClientSDK::writeEntityModule(): D:\IT\Unity\Project\Click\Assets\Plugins\kbengine_unity3d_plugins//Space
 DEBUG root [2025-02-23 20:39:44,639] - ClientSDK::saveFile(): D:\IT\Unity\Project\Click\Assets\Plugins\kbengine_unity3d_plugins/SpaceBase.cs
 DEBUG root [2025-02-23 20:39:44,639] - ClientSDK::saveFile(): D:\IT\Unity\Project\Click\Assets\Plugins\kbengine_unity3d_plugins/EntityCallSpaceBase.cs
 DEBUG root [2025-02-23 20:39:44,640] - ClientSDK::writeEntityModule(): D:\IT\Unity\Project\Click\Assets\Plugins\kbengine_unity3d_plugins//SpawnPoint
 DEBUG root [2025-02-23 20:39:44,640] - ClientSDK::saveFile(): D:\IT\Unity\Project\Click\Assets\Plugins\kbengine_unity3d_plugins/SpawnPointBase.cs
 DEBUG root [2025-02-23 20:39:44,640] - ClientSDK::saveFile(): D:\IT\Unity\Project\Click\Assets\Plugins\kbengine_unity3d_plugins/EntityCallSpawnPointBase.cs
  INFO root [2025-02-23 20:39:44,646] - Script::uninstall(): is successfully!
 DEBUG root [2025-02-23 20:39:44,646] - ThreadPool::destroy(): starting size 2.
  WARN root [2025-02-23 20:39:44,952] - ThreadPool::destroy(): waiting for thread(2)[0x2b050821ca0,0x2b050821840,], try=1
 DEBUG root [2025-02-23 20:39:45,374] - TPThread::~TPThread(): 0x2b050821ca0
 DEBUG root [2025-02-23 20:39:45,374] - TPThread::~TPThread(): 0x2b050821840
 DEBUG root [2025-02-23 20:39:45,374] - ThreadPool::destroy(): successfully!
 DEBUG root [2025-02-23 20:39:45,378] - Bundle::destroyObjPool(): size 4.
 DEBUG root [2025-02-23 20:39:45,378] - Channel::destroyObjPool(): size 0.
 DEBUG root [2025-02-23 20:39:45,378] - TCPPacket::destroyObjPool(): size 0.
 DEBUG root [2025-02-23 20:39:45,378] - UDPPacket::destroyObjPool(): size 0.
 DEBUG root [2025-02-23 20:39:45,378] - EndPoint::destroyObjPool(): size 0.
 DEBUG root [2025-02-23 20:39:45,378] - Address::destroyObjPool(): size 0.
 DEBUG root [2025-02-23 20:39:45,378] - TCPPacketReceiver::destroyObjPool(): size 0.
 DEBUG root [2025-02-23 20:39:45,378] - UDPPacketReceiver::destroyObjPool(): size 0.
  INFO root [2025-02-23 20:39:45,378] - tool(18446744073709551615) has shut down. ClientSDK=true
  INFO root [2025-02-23 20:39:46,389] - EventDispatcher()::~EventDispatcher: Num timers = 2
  INFO root [2025-02-24 13:18:44,383] - 
  INFO root [2025-02-24 13:18:44,383] - -----------------------------------------------------------------------------------------


  INFO root [2025-02-24 13:18:44,383] - Resmgr::initialize: KBE_ROOT=D:/IT/kbengine/
  INFO root [2025-02-24 13:18:44,383] - Resmgr::initialize: KBE_RES_PATH=D:/IT/kbengine/kbe/res/;D:/IT/kbengine/click/;D:/IT/kbengine/click/scripts/;D:/IT/kbengine/click/res/
  INFO root [2025-02-24 13:18:44,383] - Resmgr::initialize: KBE_BIN_PATH=D:/IT/kbengine/kbe/bin/server/
  INFO root [2025-02-24 13:18:44,392] - NetworkInterface::initialize(INTERNAL-TCP): bound to all interfaces with default route interface on 192.168.192.10 ( 192.168.192.10:54236 )
  INFO root [2025-02-24 13:18:44,392] - NetworkInterface::initialize(INTERNAL-TCP): address 192.168.192.10:54236, SOMAXCONN=511.
  INFO root [2025-02-24 13:18:44,402] - ---- tool Version: 2.5.10. ScriptVersion: 0.1.0. Pythoncore: 3.7.3. Protocol: EB8AE9F114C8797B1E70E1A629686A27. Config: Release X64. Built: 13:55:18 Feb  9 2025. AppID: 18446744073709551615. UID: 42997. PID: 32800 ----
  INFO root [2025-02-24 13:18:44,402] - Server 14589: 12th Gen Intel(R) Core(TM) i7-12650H with 16502664kB RAM
  INFO root [2025-02-24 13:18:44,403] - ThreadPool::createThreadPool: creating  threadpool...
  INFO root [2025-02-24 13:18:44,403] - ThreadPool::createThreadPool: successfully(2), newThreadCount=1, normalMaxThreadCount=2, maxThreadCount=8
  INFO root [2025-02-24 13:18:44,689] - Script::install(): is successfully, Python=(3.7.3 (default, Feb  9 2025, 13:54:30) [MSC v.1942 64 bit (AMD64)])!
  INFO root [2025-02-24 13:18:44,689] - Script::install(): KBExtra is successfully!
 ERROR root [2025-02-24 13:18:44,706] - TiXmlNode::openXML: D:/IT/kbengine/click/scripts/entity_defs/Avatar.def, error!
 ERROR root [2025-02-24 13:18:44,712] - app::initialize(): EntityDef initialization failed!
  INFO root [2025-02-24 13:18:44,714] - Script::uninstall(): is successfully!
 DEBUG root [2025-02-24 13:18:44,714] - ThreadPool::destroy(): starting size 2.
  WARN root [2025-02-24 13:18:45,016] - ThreadPool::destroy(): waiting for thread(2)[0x1e8b71d8980,0x1e8b71d9630,], try=1
 DEBUG root [2025-02-24 13:18:45,435] - TPThread::~TPThread(): 0x1e8b71d8980
 DEBUG root [2025-02-24 13:18:45,435] - TPThread::~TPThread(): 0x1e8b71d9630
 DEBUG root [2025-02-24 13:18:45,435] - ThreadPool::destroy(): successfully!
 DEBUG root [2025-02-24 13:18:45,437] - Bundle::destroyObjPool(): size 12.
 DEBUG root [2025-02-24 13:18:45,439] - Channel::destroyObjPool(): size 0.
 DEBUG root [2025-02-24 13:18:45,439] - TCPPacket::destroyObjPool(): size 0.
 DEBUG root [2025-02-24 13:18:45,439] - UDPPacket::destroyObjPool(): size 0.
 DEBUG root [2025-02-24 13:18:45,439] - EndPoint::destroyObjPool(): size 0.
 DEBUG root [2025-02-24 13:18:45,439] - Address::destroyObjPool(): size 0.
 DEBUG root [2025-02-24 13:18:45,439] - TCPPacketReceiver::destroyObjPool(): size 0.
 DEBUG root [2025-02-24 13:18:45,439] - UDPPacketReceiver::destroyObjPool(): size 0.
  INFO root [2025-02-24 13:18:46,446] - EventDispatcher()::~EventDispatcher: Num timers = 2
  INFO root [2025-02-24 13:20:21,204] - 
  INFO root [2025-02-24 13:20:21,206] - -----------------------------------------------------------------------------------------


  INFO root [2025-02-24 13:20:21,206] - Resmgr::initialize: KBE_ROOT=D:/IT/kbengine/
  INFO root [2025-02-24 13:20:21,206] - Resmgr::initialize: KBE_RES_PATH=D:/IT/kbengine/kbe/res/;D:/IT/kbengine/click/;D:/IT/kbengine/click/scripts/;D:/IT/kbengine/click/res/
  INFO root [2025-02-24 13:20:21,206] - Resmgr::initialize: KBE_BIN_PATH=D:/IT/kbengine/kbe/bin/server/
  INFO root [2025-02-24 13:20:21,216] - NetworkInterface::initialize(INTERNAL-TCP): bound to all interfaces with default route interface on 192.168.192.10 ( 192.168.192.10:54278 )
  INFO root [2025-02-24 13:20:21,216] - NetworkInterface::initialize(INTERNAL-TCP): address 192.168.192.10:54278, SOMAXCONN=511.
  INFO root [2025-02-24 13:20:21,217] - ---- tool Version: 2.5.10. ScriptVersion: 0.1.0. Pythoncore: 3.7.3. Protocol: EB8AE9F114C8797B1E70E1A629686A27. Config: Release X64. Built: 13:55:18 Feb  9 2025. AppID: 18446744073709551615. UID: 42997. PID: 23188 ----
  INFO root [2025-02-24 13:20:21,217] - Server 14589: 12th Gen Intel(R) Core(TM) i7-12650H with 16502664kB RAM
  INFO root [2025-02-24 13:20:21,217] - ThreadPool::createThreadPool: creating  threadpool...
  INFO root [2025-02-24 13:20:21,217] - ThreadPool::createThreadPool: successfully(2), newThreadCount=1, normalMaxThreadCount=2, maxThreadCount=8
  INFO root [2025-02-24 13:20:21,353] - Script::install(): is successfully, Python=(3.7.3 (default, Feb  9 2025, 13:54:30) [MSC v.1942 64 bit (AMD64)])!
  INFO root [2025-02-24 13:20:21,353] - Script::install(): KBExtra is successfully!
 S_ERR root [2025-02-24 13:20:21,669] - Traceback (most recent call last):
  File "D:/IT/kbengine/click/scripts/cell\Avatar.py", line 4, in <module>
    from Inventory import InventoryMgr
 S_ERR root [2025-02-24 13:20:21,669] -   File "D:/IT/kbengine/click/scripts/common\Inventory.py", line 5, in <module>
    import d_items
 S_ERR root [2025-02-24 13:20:21,669] - ModuleNotFoundError: No module named 'd_items'
 ERROR root [2025-02-24 13:20:21,669] - app::initialize(): EntityDef initialization failed!
  INFO root [2025-02-24 13:20:21,673] - Script::uninstall(): is successfully!
 DEBUG root [2025-02-24 13:20:21,673] - ThreadPool::destroy(): starting size 2.
  WARN root [2025-02-24 13:20:21,977] - ThreadPool::destroy(): waiting for thread(2)[0x25d7710a2d0,0x25d77109b60,], try=1
 DEBUG root [2025-02-24 13:20:22,397] - TPThread::~TPThread(): 0x25d7710a2d0
 DEBUG root [2025-02-24 13:20:22,397] - TPThread::~TPThread(): 0x25d77109b60
 DEBUG root [2025-02-24 13:20:22,397] - ThreadPool::destroy(): successfully!
 DEBUG root [2025-02-24 13:20:22,401] - Bundle::destroyObjPool(): size 10.
 DEBUG root [2025-02-24 13:20:22,401] - Channel::destroyObjPool(): size 0.
 DEBUG root [2025-02-24 13:20:22,401] - TCPPacket::destroyObjPool(): size 0.
 DEBUG root [2025-02-24 13:20:22,401] - UDPPacket::destroyObjPool(): size 0.
 DEBUG root [2025-02-24 13:20:22,401] - EndPoint::destroyObjPool(): size 0.
 DEBUG root [2025-02-24 13:20:22,401] - Address::destroyObjPool(): size 0.
 DEBUG root [2025-02-24 13:20:22,401] - TCPPacketReceiver::destroyObjPool(): size 0.
 DEBUG root [2025-02-24 13:20:22,401] - UDPPacketReceiver::destroyObjPool(): size 0.
  INFO root [2025-02-24 13:20:23,411] - EventDispatcher()::~EventDispatcher: Num timers = 2
  INFO root [2025-02-24 13:22:04,098] - 
  INFO root [2025-02-24 13:22:04,098] - -----------------------------------------------------------------------------------------


  INFO root [2025-02-24 13:22:04,098] - Resmgr::initialize: KBE_ROOT=D:/IT/kbengine/
  INFO root [2025-02-24 13:22:04,098] - Resmgr::initialize: KBE_RES_PATH=D:/IT/kbengine/kbe/res/;D:/IT/kbengine/click/;D:/IT/kbengine/click/scripts/;D:/IT/kbengine/click/res/
  INFO root [2025-02-24 13:22:04,098] - Resmgr::initialize: KBE_BIN_PATH=D:/IT/kbengine/kbe/bin/server/
  INFO root [2025-02-24 13:22:04,103] - NetworkInterface::initialize(INTERNAL-TCP): bound to all interfaces with default route interface on 192.168.192.10 ( 192.168.192.10:54366 )
  INFO root [2025-02-24 13:22:04,103] - NetworkInterface::initialize(INTERNAL-TCP): address 192.168.192.10:54366, SOMAXCONN=511.
  INFO root [2025-02-24 13:22:04,105] - ---- tool Version: 2.5.10. ScriptVersion: 0.1.0. Pythoncore: 3.7.3. Protocol: EB8AE9F114C8797B1E70E1A629686A27. Config: Release X64. Built: 13:55:18 Feb  9 2025. AppID: 18446744073709551615. UID: 42997. PID: 9352 ----
  INFO root [2025-02-24 13:22:04,105] - Server 14589: 12th Gen Intel(R) Core(TM) i7-12650H with 16502664kB RAM
  INFO root [2025-02-24 13:22:04,105] - ThreadPool::createThreadPool: creating  threadpool...
  INFO root [2025-02-24 13:22:04,105] - ThreadPool::createThreadPool: successfully(2), newThreadCount=1, normalMaxThreadCount=2, maxThreadCount=8
  INFO root [2025-02-24 13:22:04,258] - Script::install(): is successfully, Python=(3.7.3 (default, Feb  9 2025, 13:54:30) [MSC v.1942 64 bit (AMD64)])!
  INFO root [2025-02-24 13:22:04,258] - Script::install(): KBExtra is successfully!
 S_ERR root [2025-02-24 13:22:04,298] - Traceback (most recent call last):
  File "D:/IT/kbengine/click/scripts/base\Avatar.py", line 5, in <module>
    from Inventory import InventoryMgr
 S_ERR root [2025-02-24 13:22:04,298] -   File "D:/IT/kbengine/click/scripts/common\Inventory.py", line 5, in <module>
    import d_items
 S_ERR root [2025-02-24 13:22:04,298] - ModuleNotFoundError: No module named 'd_items'
 ERROR root [2025-02-24 13:22:04,298] - app::initialize(): EntityDef initialization failed!
  INFO root [2025-02-24 13:22:04,300] - Script::uninstall(): is successfully!
 DEBUG root [2025-02-24 13:22:04,300] - ThreadPool::destroy(): starting size 2.
  WARN root [2025-02-24 13:22:04,611] - ThreadPool::destroy(): waiting for thread(2)[0x24d6486d850,0x24d6486d9a0,], try=1
 DEBUG root [2025-02-24 13:22:05,035] - TPThread::~TPThread(): 0x24d6486d850
 DEBUG root [2025-02-24 13:22:05,035] - TPThread::~TPThread(): 0x24d6486d9a0
 DEBUG root [2025-02-24 13:22:05,035] - ThreadPool::destroy(): successfully!
 DEBUG root [2025-02-24 13:22:05,037] - Bundle::destroyObjPool(): size 10.
 DEBUG root [2025-02-24 13:22:05,037] - Channel::destroyObjPool(): size 0.
 DEBUG root [2025-02-24 13:22:05,037] - TCPPacket::destroyObjPool(): size 0.
 DEBUG root [2025-02-24 13:22:05,037] - UDPPacket::destroyObjPool(): size 0.
 DEBUG root [2025-02-24 13:22:05,037] - EndPoint::destroyObjPool(): size 0.
 DEBUG root [2025-02-24 13:22:05,037] - Address::destroyObjPool(): size 0.
 DEBUG root [2025-02-24 13:22:05,037] - TCPPacketReceiver::destroyObjPool(): size 0.
 DEBUG root [2025-02-24 13:22:05,037] - UDPPacketReceiver::destroyObjPool(): size 0.
  INFO root [2025-02-24 13:22:06,050] - EventDispatcher()::~EventDispatcher: Num timers = 2
  INFO root [2025-02-24 13:23:01,372] - 
  INFO root [2025-02-24 13:23:01,373] - -----------------------------------------------------------------------------------------


  INFO root [2025-02-24 13:23:01,373] - Resmgr::initialize: KBE_ROOT=D:/IT/kbengine/
  INFO root [2025-02-24 13:23:01,373] - Resmgr::initialize: KBE_RES_PATH=D:/IT/kbengine/kbe/res/;D:/IT/kbengine/click/;D:/IT/kbengine/click/scripts/;D:/IT/kbengine/click/res/
  INFO root [2025-02-24 13:23:01,373] - Resmgr::initialize: KBE_BIN_PATH=D:/IT/kbengine/kbe/bin/server/
  INFO root [2025-02-24 13:23:01,380] - NetworkInterface::initialize(INTERNAL-TCP): bound to all interfaces with default route interface on 192.168.192.10 ( 192.168.192.10:54373 )
  INFO root [2025-02-24 13:23:01,380] - NetworkInterface::initialize(INTERNAL-TCP): address 192.168.192.10:54373, SOMAXCONN=511.
  INFO root [2025-02-24 13:23:01,382] - ---- tool Version: 2.5.10. ScriptVersion: 0.1.0. Pythoncore: 3.7.3. Protocol: EB8AE9F114C8797B1E70E1A629686A27. Config: Release X64. Built: 13:55:18 Feb  9 2025. AppID: 18446744073709551615. UID: 42997. PID: 18224 ----
  INFO root [2025-02-24 13:23:01,382] - Server 14589: 12th Gen Intel(R) Core(TM) i7-12650H with 16502664kB RAM
  INFO root [2025-02-24 13:23:01,382] - ThreadPool::createThreadPool: creating  threadpool...
  INFO root [2025-02-24 13:23:01,382] - ThreadPool::createThreadPool: successfully(2), newThreadCount=1, normalMaxThreadCount=2, maxThreadCount=8
  INFO root [2025-02-24 13:23:01,521] - Script::install(): is successfully, Python=(3.7.3 (default, Feb  9 2025, 13:54:30) [MSC v.1942 64 bit (AMD64)])!
  INFO root [2025-02-24 13:23:01,521] - Script::install(): KBExtra is successfully!
 S_ERR root [2025-02-24 13:23:01,555] - Traceback (most recent call last):
  File "D:/IT/kbengine/click/scripts/base\Avatar.py", line 5, in <module>
    from Inventory import InventoryMgr
 S_ERR root [2025-02-24 13:23:01,555] -   File "D:/IT/kbengine/click/scripts/common\Inventory.py", line 6, in <module>
    from ITEM_INFO import TItemInfo
 S_ERR root [2025-02-24 13:23:01,556] -   File "D:/IT/kbengine/click/scripts/user_type\ITEM_INFO.py", line 2, in <module>
    import GlobalConst
 S_ERR root [2025-02-24 13:23:01,556] - ModuleNotFoundError: No module named 'GlobalConst'
 ERROR root [2025-02-24 13:23:01,556] - app::initialize(): EntityDef initialization failed!
  INFO root [2025-02-24 13:23:01,558] - Script::uninstall(): is successfully!
 DEBUG root [2025-02-24 13:23:01,558] - ThreadPool::destroy(): starting size 2.
  WARN root [2025-02-24 13:23:01,865] - ThreadPool::destroy(): waiting for thread(2)[0x20992baa730,0x20992baab90,], try=1
 DEBUG root [2025-02-24 13:23:02,286] - TPThread::~TPThread(): 0x20992baa730
 DEBUG root [2025-02-24 13:23:02,286] - TPThread::~TPThread(): 0x20992baab90
 DEBUG root [2025-02-24 13:23:02,286] - ThreadPool::destroy(): successfully!
 DEBUG root [2025-02-24 13:23:02,286] - Bundle::destroyObjPool(): size 9.
 DEBUG root [2025-02-24 13:23:02,286] - Channel::destroyObjPool(): size 0.
 DEBUG root [2025-02-24 13:23:02,287] - TCPPacket::destroyObjPool(): size 0.
 DEBUG root [2025-02-24 13:23:02,287] - UDPPacket::destroyObjPool(): size 0.
 DEBUG root [2025-02-24 13:23:02,287] - EndPoint::destroyObjPool(): size 0.
 DEBUG root [2025-02-24 13:23:02,287] - Address::destroyObjPool(): size 0.
 DEBUG root [2025-02-24 13:23:02,287] - TCPPacketReceiver::destroyObjPool(): size 0.
 DEBUG root [2025-02-24 13:23:02,287] - UDPPacketReceiver::destroyObjPool(): size 0.
  INFO root [2025-02-24 13:23:03,297] - EventDispatcher()::~EventDispatcher: Num timers = 2
  INFO root [2025-02-24 13:24:40,355] - 
  INFO root [2025-02-24 13:24:40,356] - -----------------------------------------------------------------------------------------


  INFO root [2025-02-24 13:24:40,356] - Resmgr::initialize: KBE_ROOT=D:/IT/kbengine/
  INFO root [2025-02-24 13:24:40,356] - Resmgr::initialize: KBE_RES_PATH=D:/IT/kbengine/kbe/res/;D:/IT/kbengine/click/;D:/IT/kbengine/click/scripts/;D:/IT/kbengine/click/res/
  INFO root [2025-02-24 13:24:40,356] - Resmgr::initialize: KBE_BIN_PATH=D:/IT/kbengine/kbe/bin/server/
  INFO root [2025-02-24 13:24:40,362] - NetworkInterface::initialize(INTERNAL-TCP): bound to all interfaces with default route interface on 192.168.192.10 ( 192.168.192.10:54403 )
  INFO root [2025-02-24 13:24:40,362] - NetworkInterface::initialize(INTERNAL-TCP): address 192.168.192.10:54403, SOMAXCONN=511.
  INFO root [2025-02-24 13:24:40,364] - ---- tool Version: 2.5.10. ScriptVersion: 0.1.0. Pythoncore: 3.7.3. Protocol: EB8AE9F114C8797B1E70E1A629686A27. Config: Release X64. Built: 13:55:18 Feb  9 2025. AppID: 18446744073709551615. UID: 42997. PID: 9688 ----
  INFO root [2025-02-24 13:24:40,364] - Server 14589: 12th Gen Intel(R) Core(TM) i7-12650H with 16502664kB RAM
  INFO root [2025-02-24 13:24:40,364] - ThreadPool::createThreadPool: creating  threadpool...
  INFO root [2025-02-24 13:24:40,364] - ThreadPool::createThreadPool: successfully(2), newThreadCount=1, normalMaxThreadCount=2, maxThreadCount=8
  INFO root [2025-02-24 13:24:40,501] - Script::install(): is successfully, Python=(3.7.3 (default, Feb  9 2025, 13:54:30) [MSC v.1942 64 bit (AMD64)])!
  INFO root [2025-02-24 13:24:40,501] - Script::install(): KBExtra is successfully!
 DEBUG root [2025-02-24 13:24:41,183] - ClientSDK::writeServerErrorDescrsModule(): D:\IT\Unity\Project\Click\Assets\Plugins\kbengine_unity3d_plugins//ServerErrorDescrs.cs
 DEBUG root [2025-02-24 13:24:41,184] - ClientSDK::saveFile(): D:\IT\Unity\Project\Click\Assets\Plugins\kbengine_unity3d_plugins/ServerErrorDescrs.cs
 DEBUG root [2025-02-24 13:24:41,184] - ClientSDK::writeEngineMessagesModule(): D:\IT\Unity\Project\Click\Assets\Plugins\kbengine_unity3d_plugins//Messages.cs
 DEBUG root [2025-02-24 13:24:41,184] - ClientSDK::saveFile(): D:\IT\Unity\Project\Click\Assets\Plugins\kbengine_unity3d_plugins/Messages.cs
 DEBUG root [2025-02-24 13:24:41,185] - ClientSDK::saveFile(): D:\IT\Unity\Project\Click\Assets\Plugins\kbengine_unity3d_plugins/KBETypes.cs
 DEBUG root [2025-02-24 13:24:41,185] - ClientSDK::writeEntityDefsModule(): D:\IT\Unity\Project\Click\Assets\Plugins\kbengine_unity3d_plugins//EntityDef.cs
 DEBUG root [2025-02-24 13:24:41,187] - ClientSDK::saveFile(): D:\IT\Unity\Project\Click\Assets\Plugins\kbengine_unity3d_plugins/EntityDef.cs
 DEBUG root [2025-02-24 13:24:41,188] - ClientSDK::saveFile(): D:\IT\Unity\Project\Click\Assets\Plugins\kbengine_unity3d_plugins/CustomDataTypes.cs
 DEBUG root [2025-02-24 13:24:41,188] - ClientSDK::writeEntityModule(): D:\IT\Unity\Project\Click\Assets\Plugins\kbengine_unity3d_plugins//Account
 DEBUG root [2025-02-24 13:24:41,189] - ClientSDK::saveFile(): D:\IT\Unity\Project\Click\Assets\Plugins\kbengine_unity3d_plugins/AccountBase.cs
 DEBUG root [2025-02-24 13:24:41,189] - ClientSDK::saveFile(): D:\IT\Unity\Project\Click\Assets\Plugins\kbengine_unity3d_plugins/EntityCallAccountBase.cs
 DEBUG root [2025-02-24 13:24:41,189] - ClientSDK::writeEntityModule(): D:\IT\Unity\Project\Click\Assets\Plugins\kbengine_unity3d_plugins//Avatar
 DEBUG root [2025-02-24 13:24:41,190] - ClientSDK::saveFile(): D:\IT\Unity\Project\Click\Assets\Plugins\kbengine_unity3d_plugins/AvatarBase.cs
 DEBUG root [2025-02-24 13:24:41,192] - ClientSDK::saveFile(): D:\IT\Unity\Project\Click\Assets\Plugins\kbengine_unity3d_plugins/EntityCallAvatarBase.cs
 DEBUG root [2025-02-24 13:24:41,193] - ClientSDK::writeEntityModule(): D:\IT\Unity\Project\Click\Assets\Plugins\kbengine_unity3d_plugins//Monster
 DEBUG root [2025-02-24 13:24:41,193] - ClientSDK::saveFile(): D:\IT\Unity\Project\Click\Assets\Plugins\kbengine_unity3d_plugins/MonsterBase.cs
 DEBUG root [2025-02-24 13:24:41,194] - ClientSDK::saveFile(): D:\IT\Unity\Project\Click\Assets\Plugins\kbengine_unity3d_plugins/EntityCallMonsterBase.cs
 DEBUG root [2025-02-24 13:24:41,194] - ClientSDK::writeEntityModule(): D:\IT\Unity\Project\Click\Assets\Plugins\kbengine_unity3d_plugins//NPC
 DEBUG root [2025-02-24 13:24:41,194] - ClientSDK::saveFile(): D:\IT\Unity\Project\Click\Assets\Plugins\kbengine_unity3d_plugins/NPCBase.cs
 DEBUG root [2025-02-24 13:24:41,194] - ClientSDK::saveFile(): D:\IT\Unity\Project\Click\Assets\Plugins\kbengine_unity3d_plugins/EntityCallNPCBase.cs
 DEBUG root [2025-02-24 13:24:41,195] - ClientSDK::writeEntityModule(): D:\IT\Unity\Project\Click\Assets\Plugins\kbengine_unity3d_plugins//Space
 DEBUG root [2025-02-24 13:24:41,195] - ClientSDK::saveFile(): D:\IT\Unity\Project\Click\Assets\Plugins\kbengine_unity3d_plugins/SpaceBase.cs
 DEBUG root [2025-02-24 13:24:41,198] - ClientSDK::saveFile(): D:\IT\Unity\Project\Click\Assets\Plugins\kbengine_unity3d_plugins/EntityCallSpaceBase.cs
 DEBUG root [2025-02-24 13:24:41,198] - ClientSDK::writeEntityModule(): D:\IT\Unity\Project\Click\Assets\Plugins\kbengine_unity3d_plugins//SpawnPoint
 DEBUG root [2025-02-24 13:24:41,198] - ClientSDK::saveFile(): D:\IT\Unity\Project\Click\Assets\Plugins\kbengine_unity3d_plugins/SpawnPointBase.cs
 DEBUG root [2025-02-24 13:24:41,200] - ClientSDK::saveFile(): D:\IT\Unity\Project\Click\Assets\Plugins\kbengine_unity3d_plugins/EntityCallSpawnPointBase.cs
  INFO root [2025-02-24 13:24:41,210] - Script::uninstall(): is successfully!
 DEBUG root [2025-02-24 13:24:41,210] - ThreadPool::destroy(): starting size 2.
  WARN root [2025-02-24 13:24:41,518] - ThreadPool::destroy(): waiting for thread(2)[0x180e976b7a0,0x180e976a9a0,], try=1
 DEBUG root [2025-02-24 13:24:41,939] - TPThread::~TPThread(): 0x180e976b7a0
 DEBUG root [2025-02-24 13:24:41,939] - TPThread::~TPThread(): 0x180e976a9a0
 DEBUG root [2025-02-24 13:24:41,939] - ThreadPool::destroy(): successfully!
 DEBUG root [2025-02-24 13:24:41,939] - Bundle::destroyObjPool(): size 4.
 DEBUG root [2025-02-24 13:24:41,940] - Channel::destroyObjPool(): size 0.
 DEBUG root [2025-02-24 13:24:41,940] - TCPPacket::destroyObjPool(): size 0.
 DEBUG root [2025-02-24 13:24:41,940] - UDPPacket::destroyObjPool(): size 0.
 DEBUG root [2025-02-24 13:24:41,940] - EndPoint::destroyObjPool(): size 0.
 DEBUG root [2025-02-24 13:24:41,940] - Address::destroyObjPool(): size 0.
 DEBUG root [2025-02-24 13:24:41,940] - TCPPacketReceiver::destroyObjPool(): size 0.
 DEBUG root [2025-02-24 13:24:41,940] - UDPPacketReceiver::destroyObjPool(): size 0.
  INFO root [2025-02-24 13:24:41,940] - tool(18446744073709551615) has shut down. ClientSDK=true
  INFO root [2025-02-24 13:24:42,955] - EventDispatcher()::~EventDispatcher: Num timers = 2
  INFO root [2025-02-24 13:38:12,149] - 
  INFO root [2025-02-24 13:38:12,150] - -----------------------------------------------------------------------------------------


  INFO root [2025-02-24 13:38:12,150] - Resmgr::initialize: KBE_ROOT=D:/IT/kbengine/
  INFO root [2025-02-24 13:38:12,150] - Resmgr::initialize: KBE_RES_PATH=D:/IT/kbengine/kbe/res/;D:/IT/kbengine/click/;D:/IT/kbengine/click/scripts/;D:/IT/kbengine/click/res/
  INFO root [2025-02-24 13:38:12,150] - Resmgr::initialize: KBE_BIN_PATH=D:/IT/kbengine/kbe/bin/server/
  INFO root [2025-02-24 13:38:12,156] - NetworkInterface::initialize(INTERNAL-TCP): bound to all interfaces with default route interface on 192.168.192.10 ( 192.168.192.10:55015 )
  INFO root [2025-02-24 13:38:12,156] - NetworkInterface::initialize(INTERNAL-TCP): address 192.168.192.10:55015, SOMAXCONN=511.
  INFO root [2025-02-24 13:38:12,157] - ---- tool Version: 2.5.10. ScriptVersion: 0.1.0. Pythoncore: 3.7.3. Protocol: EB8AE9F114C8797B1E70E1A629686A27. Config: Release X64. Built: 13:55:18 Feb  9 2025. AppID: 18446744073709551615. UID: 42997. PID: 18092 ----
  INFO root [2025-02-24 13:38:12,157] - Server 14589: 12th Gen Intel(R) Core(TM) i7-12650H with 16502664kB RAM
  INFO root [2025-02-24 13:38:12,157] - ThreadPool::createThreadPool: creating  threadpool...
  INFO root [2025-02-24 13:38:12,159] - ThreadPool::createThreadPool: successfully(2), newThreadCount=1, normalMaxThreadCount=2, maxThreadCount=8
  INFO root [2025-02-24 13:38:12,301] - Script::install(): is successfully, Python=(3.7.3 (default, Feb  9 2025, 13:54:30) [MSC v.1942 64 bit (AMD64)])!
  INFO root [2025-02-24 13:38:12,301] - Script::install(): KBExtra is successfully!
 DEBUG root [2025-02-24 13:38:12,488] - ClientSDK::writeServerErrorDescrsModule(): D:\IT\Unity\Project\Click\Assets\Plugins\kbengine_unity3d_plugins//ServerErrorDescrs.cs
 DEBUG root [2025-02-24 13:38:12,489] - ClientSDK::saveFile(): D:\IT\Unity\Project\Click\Assets\Plugins\kbengine_unity3d_plugins/ServerErrorDescrs.cs
 DEBUG root [2025-02-24 13:38:12,489] - ClientSDK::writeEngineMessagesModule(): D:\IT\Unity\Project\Click\Assets\Plugins\kbengine_unity3d_plugins//Messages.cs
 DEBUG root [2025-02-24 13:38:12,489] - ClientSDK::saveFile(): D:\IT\Unity\Project\Click\Assets\Plugins\kbengine_unity3d_plugins/Messages.cs
 DEBUG root [2025-02-24 13:38:12,491] - ClientSDK::saveFile(): D:\IT\Unity\Project\Click\Assets\Plugins\kbengine_unity3d_plugins/KBETypes.cs
 DEBUG root [2025-02-24 13:38:12,492] - ClientSDK::writeEntityDefsModule(): D:\IT\Unity\Project\Click\Assets\Plugins\kbengine_unity3d_plugins//EntityDef.cs
 DEBUG root [2025-02-24 13:38:12,492] - ClientSDK::saveFile(): D:\IT\Unity\Project\Click\Assets\Plugins\kbengine_unity3d_plugins/EntityDef.cs
 DEBUG root [2025-02-24 13:38:12,493] - ClientSDK::saveFile(): D:\IT\Unity\Project\Click\Assets\Plugins\kbengine_unity3d_plugins/CustomDataTypes.cs
 DEBUG root [2025-02-24 13:38:12,493] - ClientSDK::writeEntityModule(): D:\IT\Unity\Project\Click\Assets\Plugins\kbengine_unity3d_plugins//Account
 DEBUG root [2025-02-24 13:38:12,494] - ClientSDK::saveFile(): D:\IT\Unity\Project\Click\Assets\Plugins\kbengine_unity3d_plugins/AccountBase.cs
 DEBUG root [2025-02-24 13:38:12,495] - ClientSDK::saveFile(): D:\IT\Unity\Project\Click\Assets\Plugins\kbengine_unity3d_plugins/EntityCallAccountBase.cs
 DEBUG root [2025-02-24 13:38:12,495] - ClientSDK::writeEntityModule(): D:\IT\Unity\Project\Click\Assets\Plugins\kbengine_unity3d_plugins//Avatar
 DEBUG root [2025-02-24 13:38:12,495] - ClientSDK::saveFile(): D:\IT\Unity\Project\Click\Assets\Plugins\kbengine_unity3d_plugins/AvatarBase.cs
 DEBUG root [2025-02-24 13:38:12,497] - ClientSDK::saveFile(): D:\IT\Unity\Project\Click\Assets\Plugins\kbengine_unity3d_plugins/EntityCallAvatarBase.cs
 DEBUG root [2025-02-24 13:38:12,497] - ClientSDK::writeEntityModule(): D:\IT\Unity\Project\Click\Assets\Plugins\kbengine_unity3d_plugins//Monster
 DEBUG root [2025-02-24 13:38:12,497] - ClientSDK::saveFile(): D:\IT\Unity\Project\Click\Assets\Plugins\kbengine_unity3d_plugins/MonsterBase.cs
 DEBUG root [2025-02-24 13:38:12,497] - ClientSDK::saveFile(): D:\IT\Unity\Project\Click\Assets\Plugins\kbengine_unity3d_plugins/EntityCallMonsterBase.cs
 DEBUG root [2025-02-24 13:38:12,497] - ClientSDK::writeEntityModule(): D:\IT\Unity\Project\Click\Assets\Plugins\kbengine_unity3d_plugins//NPC
 DEBUG root [2025-02-24 13:38:12,497] - ClientSDK::saveFile(): D:\IT\Unity\Project\Click\Assets\Plugins\kbengine_unity3d_plugins/NPCBase.cs
 DEBUG root [2025-02-24 13:38:12,498] - ClientSDK::saveFile(): D:\IT\Unity\Project\Click\Assets\Plugins\kbengine_unity3d_plugins/EntityCallNPCBase.cs
 DEBUG root [2025-02-24 13:38:12,498] - ClientSDK::writeEntityModule(): D:\IT\Unity\Project\Click\Assets\Plugins\kbengine_unity3d_plugins//Space
 DEBUG root [2025-02-24 13:38:12,498] - ClientSDK::saveFile(): D:\IT\Unity\Project\Click\Assets\Plugins\kbengine_unity3d_plugins/SpaceBase.cs
 DEBUG root [2025-02-24 13:38:12,499] - ClientSDK::saveFile(): D:\IT\Unity\Project\Click\Assets\Plugins\kbengine_unity3d_plugins/EntityCallSpaceBase.cs
 DEBUG root [2025-02-24 13:38:12,499] - ClientSDK::writeEntityModule(): D:\IT\Unity\Project\Click\Assets\Plugins\kbengine_unity3d_plugins//SpawnPoint
 DEBUG root [2025-02-24 13:38:12,499] - ClientSDK::saveFile(): D:\IT\Unity\Project\Click\Assets\Plugins\kbengine_unity3d_plugins/SpawnPointBase.cs
 DEBUG root [2025-02-24 13:38:12,499] - ClientSDK::saveFile(): D:\IT\Unity\Project\Click\Assets\Plugins\kbengine_unity3d_plugins/EntityCallSpawnPointBase.cs
  INFO root [2025-02-24 13:38:12,508] - Script::uninstall(): is successfully!
 DEBUG root [2025-02-24 13:38:12,508] - ThreadPool::destroy(): starting size 2.
  WARN root [2025-02-24 13:38:12,813] - ThreadPool::destroy(): waiting for thread(2)[0x2b77b201890,0x2b77b202000,], try=1
 DEBUG root [2025-02-24 13:38:13,235] - TPThread::~TPThread(): 0x2b77b201890
 DEBUG root [2025-02-24 13:38:13,235] - TPThread::~TPThread(): 0x2b77b202000
 DEBUG root [2025-02-24 13:38:13,235] - ThreadPool::destroy(): successfully!
 DEBUG root [2025-02-24 13:38:13,238] - Bundle::destroyObjPool(): size 4.
 DEBUG root [2025-02-24 13:38:13,238] - Channel::destroyObjPool(): size 0.
 DEBUG root [2025-02-24 13:38:13,238] - TCPPacket::destroyObjPool(): size 0.
 DEBUG root [2025-02-24 13:38:13,238] - UDPPacket::destroyObjPool(): size 0.
 DEBUG root [2025-02-24 13:38:13,238] - EndPoint::destroyObjPool(): size 0.
 DEBUG root [2025-02-24 13:38:13,238] - Address::destroyObjPool(): size 0.
 DEBUG root [2025-02-24 13:38:13,238] - TCPPacketReceiver::destroyObjPool(): size 0.
 DEBUG root [2025-02-24 13:38:13,238] - UDPPacketReceiver::destroyObjPool(): size 0.
  INFO root [2025-02-24 13:38:13,238] - tool(18446744073709551615) has shut down. ClientSDK=true
  INFO root [2025-02-24 13:38:14,239] - EventDispatcher()::~EventDispatcher: Num timers = 2
  INFO root [2025-02-24 17:52:04,269] - 
  INFO root [2025-02-24 17:52:04,269] - -----------------------------------------------------------------------------------------


  INFO root [2025-02-24 17:52:04,269] - Resmgr::initialize: KBE_ROOT=D:/IT/kbengine/
  INFO root [2025-02-24 17:52:04,269] - Resmgr::initialize: KBE_RES_PATH=D:/IT/kbengine/kbe/res/;D:/IT/kbengine/click/;D:/IT/kbengine/click/scripts/;D:/IT/kbengine/click/res/
  INFO root [2025-02-24 17:52:04,269] - Resmgr::initialize: KBE_BIN_PATH=D:/IT/kbengine/kbe/bin/server/
  INFO root [2025-02-24 17:52:04,276] - NetworkInterface::initialize(INTERNAL-TCP): bound to all interfaces with default route interface on 192.168.192.10 ( 192.168.192.10:62413 )
  INFO root [2025-02-24 17:52:04,276] - NetworkInterface::initialize(INTERNAL-TCP): address 192.168.192.10:62413, SOMAXCONN=511.
  INFO root [2025-02-24 17:52:04,278] - ---- tool Version: 2.5.10. ScriptVersion: 0.1.0. Pythoncore: 3.7.3. Protocol: EB8AE9F114C8797B1E70E1A629686A27. Config: Release X64. Built: 13:55:18 Feb  9 2025. AppID: 18446744073709551615. UID: 42997. PID: 16300 ----
  INFO root [2025-02-24 17:52:04,278] - Server 14589: 12th Gen Intel(R) Core(TM) i7-12650H with 16502664kB RAM
  INFO root [2025-02-24 17:52:04,278] - ThreadPool::createThreadPool: creating  threadpool...
  INFO root [2025-02-24 17:52:04,278] - ThreadPool::createThreadPool: successfully(2), newThreadCount=1, normalMaxThreadCount=2, maxThreadCount=8
  INFO root [2025-02-24 17:52:04,416] - Script::install(): is successfully, Python=(3.7.3 (default, Feb  9 2025, 13:54:30) [MSC v.1942 64 bit (AMD64)])!
  INFO root [2025-02-24 17:52:04,416] - Script::install(): KBExtra is successfully!
 DEBUG root [2025-02-24 17:52:04,797] - ClientSDK::writeServerErrorDescrsModule(): D:\IT\Unity\Project\Click\Assets\Plugins\kbengine_unity3d_plugins//ServerErrorDescrs.cs
 DEBUG root [2025-02-24 17:52:04,797] - ClientSDK::saveFile(): D:\IT\Unity\Project\Click\Assets\Plugins\kbengine_unity3d_plugins/ServerErrorDescrs.cs
 DEBUG root [2025-02-24 17:52:04,798] - ClientSDK::writeEngineMessagesModule(): D:\IT\Unity\Project\Click\Assets\Plugins\kbengine_unity3d_plugins//Messages.cs
 DEBUG root [2025-02-24 17:52:04,798] - ClientSDK::saveFile(): D:\IT\Unity\Project\Click\Assets\Plugins\kbengine_unity3d_plugins/Messages.cs
 DEBUG root [2025-02-24 17:52:04,799] - ClientSDK::saveFile(): D:\IT\Unity\Project\Click\Assets\Plugins\kbengine_unity3d_plugins/KBETypes.cs
 DEBUG root [2025-02-24 17:52:04,799] - ClientSDK::writeEntityDefsModule(): D:\IT\Unity\Project\Click\Assets\Plugins\kbengine_unity3d_plugins//EntityDef.cs
 DEBUG root [2025-02-24 17:52:04,800] - ClientSDK::saveFile(): D:\IT\Unity\Project\Click\Assets\Plugins\kbengine_unity3d_plugins/EntityDef.cs
 DEBUG root [2025-02-24 17:52:04,800] - ClientSDK::saveFile(): D:\IT\Unity\Project\Click\Assets\Plugins\kbengine_unity3d_plugins/CustomDataTypes.cs
 DEBUG root [2025-02-24 17:52:04,801] - ClientSDK::writeEntityModule(): D:\IT\Unity\Project\Click\Assets\Plugins\kbengine_unity3d_plugins//Account
 DEBUG root [2025-02-24 17:52:04,801] - ClientSDK::saveFile(): D:\IT\Unity\Project\Click\Assets\Plugins\kbengine_unity3d_plugins/AccountBase.cs
 DEBUG root [2025-02-24 17:52:04,801] - ClientSDK::saveFile(): D:\IT\Unity\Project\Click\Assets\Plugins\kbengine_unity3d_plugins/EntityCallAccountBase.cs
 DEBUG root [2025-02-24 17:52:04,801] - ClientSDK::writeEntityModule(): D:\IT\Unity\Project\Click\Assets\Plugins\kbengine_unity3d_plugins//Avatar
 DEBUG root [2025-02-24 17:52:04,802] - ClientSDK::saveFile(): D:\IT\Unity\Project\Click\Assets\Plugins\kbengine_unity3d_plugins/AvatarBase.cs
 DEBUG root [2025-02-24 17:52:04,802] - ClientSDK::saveFile(): D:\IT\Unity\Project\Click\Assets\Plugins\kbengine_unity3d_plugins/EntityCallAvatarBase.cs
 DEBUG root [2025-02-24 17:52:04,803] - ClientSDK::writeEntityModule(): D:\IT\Unity\Project\Click\Assets\Plugins\kbengine_unity3d_plugins//Monster
 DEBUG root [2025-02-24 17:52:04,803] - ClientSDK::saveFile(): D:\IT\Unity\Project\Click\Assets\Plugins\kbengine_unity3d_plugins/MonsterBase.cs
 DEBUG root [2025-02-24 17:52:04,803] - ClientSDK::saveFile(): D:\IT\Unity\Project\Click\Assets\Plugins\kbengine_unity3d_plugins/EntityCallMonsterBase.cs
 DEBUG root [2025-02-24 17:52:04,804] - ClientSDK::writeEntityModule(): D:\IT\Unity\Project\Click\Assets\Plugins\kbengine_unity3d_plugins//NPC
 DEBUG root [2025-02-24 17:52:04,804] - ClientSDK::saveFile(): D:\IT\Unity\Project\Click\Assets\Plugins\kbengine_unity3d_plugins/NPCBase.cs
 DEBUG root [2025-02-24 17:52:04,804] - ClientSDK::saveFile(): D:\IT\Unity\Project\Click\Assets\Plugins\kbengine_unity3d_plugins/EntityCallNPCBase.cs
 DEBUG root [2025-02-24 17:52:04,804] - ClientSDK::writeEntityModule(): D:\IT\Unity\Project\Click\Assets\Plugins\kbengine_unity3d_plugins//Space
 DEBUG root [2025-02-24 17:52:04,805] - ClientSDK::saveFile(): D:\IT\Unity\Project\Click\Assets\Plugins\kbengine_unity3d_plugins/SpaceBase.cs
 DEBUG root [2025-02-24 17:52:04,806] - ClientSDK::saveFile(): D:\IT\Unity\Project\Click\Assets\Plugins\kbengine_unity3d_plugins/EntityCallSpaceBase.cs
 DEBUG root [2025-02-24 17:52:04,806] - ClientSDK::writeEntityModule(): D:\IT\Unity\Project\Click\Assets\Plugins\kbengine_unity3d_plugins//SpawnPoint
 DEBUG root [2025-02-24 17:52:04,806] - ClientSDK::saveFile(): D:\IT\Unity\Project\Click\Assets\Plugins\kbengine_unity3d_plugins/SpawnPointBase.cs
 DEBUG root [2025-02-24 17:52:04,806] - ClientSDK::saveFile(): D:\IT\Unity\Project\Click\Assets\Plugins\kbengine_unity3d_plugins/EntityCallSpawnPointBase.cs
  INFO root [2025-02-24 17:52:04,822] - Script::uninstall(): is successfully!
 DEBUG root [2025-02-24 17:52:04,822] - ThreadPool::destroy(): starting size 2.
  WARN root [2025-02-24 17:52:05,134] - ThreadPool::destroy(): waiting for thread(2)[0x16724c33100,0x16724c33170,], try=1
 DEBUG root [2025-02-24 17:52:05,556] - TPThread::~TPThread(): 0x16724c33100
 DEBUG root [2025-02-24 17:52:05,556] - TPThread::~TPThread(): 0x16724c33170
 DEBUG root [2025-02-24 17:52:05,556] - ThreadPool::destroy(): successfully!
 DEBUG root [2025-02-24 17:52:05,557] - Bundle::destroyObjPool(): size 4.
 DEBUG root [2025-02-24 17:52:05,557] - Channel::destroyObjPool(): size 0.
 DEBUG root [2025-02-24 17:52:05,557] - TCPPacket::destroyObjPool(): size 0.
 DEBUG root [2025-02-24 17:52:05,557] - UDPPacket::destroyObjPool(): size 0.
 DEBUG root [2025-02-24 17:52:05,557] - EndPoint::destroyObjPool(): size 0.
 DEBUG root [2025-02-24 17:52:05,557] - Address::destroyObjPool(): size 0.
 DEBUG root [2025-02-24 17:52:05,557] - TCPPacketReceiver::destroyObjPool(): size 0.
 DEBUG root [2025-02-24 17:52:05,557] - UDPPacketReceiver::destroyObjPool(): size 0.
  INFO root [2025-02-24 17:52:05,557] - tool(18446744073709551615) has shut down. ClientSDK=true
  INFO root [2025-02-24 17:52:06,570] - EventDispatcher()::~EventDispatcher: Num timers = 2
  INFO root [2025-02-24 23:51:45,824] - 
  INFO root [2025-02-24 23:51:45,825] - -----------------------------------------------------------------------------------------


  INFO root [2025-02-24 23:51:45,825] - Resmgr::initialize: KBE_ROOT=D:/IT/kbengine/
  INFO root [2025-02-24 23:51:45,825] - Resmgr::initialize: KBE_RES_PATH=D:/IT/kbengine/kbe/res/;D:/IT/kbengine/click/;D:/IT/kbengine/click/scripts/;D:/IT/kbengine/click/res/
  INFO root [2025-02-24 23:51:45,825] - Resmgr::initialize: KBE_BIN_PATH=D:/IT/kbengine/kbe/bin/server/
  INFO root [2025-02-24 23:51:45,831] - NetworkInterface::initialize(INTERNAL-TCP): bound to all interfaces with default route interface on 192.168.192.10 ( 192.168.192.10:52276 )
  INFO root [2025-02-24 23:51:45,831] - NetworkInterface::initialize(INTERNAL-TCP): address 192.168.192.10:52276, SOMAXCONN=511.
  INFO root [2025-02-24 23:51:45,831] - ---- tool Version: 2.5.10. ScriptVersion: 0.1.0. Pythoncore: 3.7.3. Protocol: EB8AE9F114C8797B1E70E1A629686A27. Config: Release X64. Built: 13:55:18 Feb  9 2025. AppID: 18446744073709551615. UID: 42997. PID: 14092 ----
  INFO root [2025-02-24 23:51:45,833] - Server 14589: 12th Gen Intel(R) Core(TM) i7-12650H with 16502664kB RAM
  INFO root [2025-02-24 23:51:45,833] - ThreadPool::createThreadPool: creating  threadpool...
  INFO root [2025-02-24 23:51:45,833] - ThreadPool::createThreadPool: successfully(2), newThreadCount=1, normalMaxThreadCount=2, maxThreadCount=8
  INFO root [2025-02-24 23:51:45,974] - Script::install(): is successfully, Python=(3.7.3 (default, Feb  9 2025, 13:54:30) [MSC v.1942 64 bit (AMD64)])!
  INFO root [2025-02-24 23:51:45,974] - Script::install(): KBExtra is successfully!
 DEBUG root [2025-02-24 23:51:46,137] - ClientSDK::writeServerErrorDescrsModule(): D:\IT\Unity\Project\Click\Assets\Plugins\kbengine_unity3d_plugins//ServerErrorDescrs.cs
 DEBUG root [2025-02-24 23:51:46,137] - ClientSDK::saveFile(): D:\IT\Unity\Project\Click\Assets\Plugins\kbengine_unity3d_plugins/ServerErrorDescrs.cs
 DEBUG root [2025-02-24 23:51:46,137] - ClientSDK::writeEngineMessagesModule(): D:\IT\Unity\Project\Click\Assets\Plugins\kbengine_unity3d_plugins//Messages.cs
 DEBUG root [2025-02-24 23:51:46,137] - ClientSDK::saveFile(): D:\IT\Unity\Project\Click\Assets\Plugins\kbengine_unity3d_plugins/Messages.cs
 DEBUG root [2025-02-24 23:51:46,138] - ClientSDK::saveFile(): D:\IT\Unity\Project\Click\Assets\Plugins\kbengine_unity3d_plugins/KBETypes.cs
 DEBUG root [2025-02-24 23:51:46,139] - ClientSDK::writeEntityDefsModule(): D:\IT\Unity\Project\Click\Assets\Plugins\kbengine_unity3d_plugins//EntityDef.cs
 DEBUG root [2025-02-24 23:51:46,139] - ClientSDK::saveFile(): D:\IT\Unity\Project\Click\Assets\Plugins\kbengine_unity3d_plugins/EntityDef.cs
 DEBUG root [2025-02-24 23:51:46,140] - ClientSDK::saveFile(): D:\IT\Unity\Project\Click\Assets\Plugins\kbengine_unity3d_plugins/CustomDataTypes.cs
 DEBUG root [2025-02-24 23:51:46,140] - ClientSDK::writeEntityModule(): D:\IT\Unity\Project\Click\Assets\Plugins\kbengine_unity3d_plugins//Account
 DEBUG root [2025-02-24 23:51:46,140] - ClientSDK::saveFile(): D:\IT\Unity\Project\Click\Assets\Plugins\kbengine_unity3d_plugins/AccountBase.cs
 DEBUG root [2025-02-24 23:51:46,140] - ClientSDK::saveFile(): D:\IT\Unity\Project\Click\Assets\Plugins\kbengine_unity3d_plugins/EntityCallAccountBase.cs
 DEBUG root [2025-02-24 23:51:46,141] - ClientSDK::writeEntityModule(): D:\IT\Unity\Project\Click\Assets\Plugins\kbengine_unity3d_plugins//Avatar
 DEBUG root [2025-02-24 23:51:46,141] - ClientSDK::saveFile(): D:\IT\Unity\Project\Click\Assets\Plugins\kbengine_unity3d_plugins/AvatarBase.cs
 DEBUG root [2025-02-24 23:51:46,141] - ClientSDK::saveFile(): D:\IT\Unity\Project\Click\Assets\Plugins\kbengine_unity3d_plugins/EntityCallAvatarBase.cs
 DEBUG root [2025-02-24 23:51:46,141] - ClientSDK::writeEntityModule(): D:\IT\Unity\Project\Click\Assets\Plugins\kbengine_unity3d_plugins//Monster
 DEBUG root [2025-02-24 23:51:46,142] - ClientSDK::saveFile(): D:\IT\Unity\Project\Click\Assets\Plugins\kbengine_unity3d_plugins/MonsterBase.cs
 DEBUG root [2025-02-24 23:51:46,142] - ClientSDK::saveFile(): D:\IT\Unity\Project\Click\Assets\Plugins\kbengine_unity3d_plugins/EntityCallMonsterBase.cs
 DEBUG root [2025-02-24 23:51:46,142] - ClientSDK::writeEntityModule(): D:\IT\Unity\Project\Click\Assets\Plugins\kbengine_unity3d_plugins//NPC
 DEBUG root [2025-02-24 23:51:46,142] - ClientSDK::saveFile(): D:\IT\Unity\Project\Click\Assets\Plugins\kbengine_unity3d_plugins/NPCBase.cs
 DEBUG root [2025-02-24 23:51:46,142] - ClientSDK::saveFile(): D:\IT\Unity\Project\Click\Assets\Plugins\kbengine_unity3d_plugins/EntityCallNPCBase.cs
 DEBUG root [2025-02-24 23:51:46,142] - ClientSDK::writeEntityModule(): D:\IT\Unity\Project\Click\Assets\Plugins\kbengine_unity3d_plugins//Space
 DEBUG root [2025-02-24 23:51:46,143] - ClientSDK::saveFile(): D:\IT\Unity\Project\Click\Assets\Plugins\kbengine_unity3d_plugins/SpaceBase.cs
 DEBUG root [2025-02-24 23:51:46,143] - ClientSDK::saveFile(): D:\IT\Unity\Project\Click\Assets\Plugins\kbengine_unity3d_plugins/EntityCallSpaceBase.cs
 DEBUG root [2025-02-24 23:51:46,143] - ClientSDK::writeEntityModule(): D:\IT\Unity\Project\Click\Assets\Plugins\kbengine_unity3d_plugins//SpawnPoint
 DEBUG root [2025-02-24 23:51:46,143] - ClientSDK::saveFile(): D:\IT\Unity\Project\Click\Assets\Plugins\kbengine_unity3d_plugins/SpawnPointBase.cs
 DEBUG root [2025-02-24 23:51:46,143] - ClientSDK::saveFile(): D:\IT\Unity\Project\Click\Assets\Plugins\kbengine_unity3d_plugins/EntityCallSpawnPointBase.cs
  INFO root [2025-02-24 23:51:46,150] - Script::uninstall(): is successfully!
 DEBUG root [2025-02-24 23:51:46,150] - ThreadPool::destroy(): starting size 2.
  WARN root [2025-02-24 23:51:46,462] - ThreadPool::destroy(): waiting for thread(2)[0x2af3ee297b0,0x2af3ee296d0,], try=1
 DEBUG root [2025-02-24 23:51:46,884] - TPThread::~TPThread(): 0x2af3ee297b0
 DEBUG root [2025-02-24 23:51:46,884] - TPThread::~TPThread(): 0x2af3ee296d0
 DEBUG root [2025-02-24 23:51:46,884] - ThreadPool::destroy(): successfully!
 DEBUG root [2025-02-24 23:51:46,885] - Bundle::destroyObjPool(): size 4.
 DEBUG root [2025-02-24 23:51:46,885] - Channel::destroyObjPool(): size 0.
 DEBUG root [2025-02-24 23:51:46,885] - TCPPacket::destroyObjPool(): size 0.
 DEBUG root [2025-02-24 23:51:46,885] - UDPPacket::destroyObjPool(): size 0.
 DEBUG root [2025-02-24 23:51:46,885] - EndPoint::destroyObjPool(): size 0.
 DEBUG root [2025-02-24 23:51:46,885] - Address::destroyObjPool(): size 0.
 DEBUG root [2025-02-24 23:51:46,885] - TCPPacketReceiver::destroyObjPool(): size 0.
 DEBUG root [2025-02-24 23:51:46,885] - UDPPacketReceiver::destroyObjPool(): size 0.
  INFO root [2025-02-24 23:51:46,885] - tool(18446744073709551615) has shut down. ClientSDK=true
  INFO root [2025-02-24 23:51:47,897] - EventDispatcher()::~EventDispatcher: Num timers = 2
  INFO root [2025-02-25 19:53:47,066] - 
  INFO root [2025-02-25 19:53:47,066] - -----------------------------------------------------------------------------------------


  INFO root [2025-02-25 19:53:47,066] - Resmgr::initialize: KBE_ROOT=D:/IT/kbengine/
  INFO root [2025-02-25 19:53:47,066] - Resmgr::initialize: KBE_RES_PATH=D:/IT/kbengine/kbe/res/;D:/IT/kbengine/click/;D:/IT/kbengine/click/scripts/;D:/IT/kbengine/click/res/
  INFO root [2025-02-25 19:53:47,066] - Resmgr::initialize: KBE_BIN_PATH=D:/IT/kbengine/kbe/bin/server/
  INFO root [2025-02-25 19:53:47,072] - NetworkInterface::initialize(INTERNAL-TCP): bound to all interfaces with default route interface on 192.168.192.10 ( 192.168.192.10:59185 )
  INFO root [2025-02-25 19:53:47,072] - NetworkInterface::initialize(INTERNAL-TCP): address 192.168.192.10:59185, SOMAXCONN=511.
  INFO root [2025-02-25 19:53:47,073] - ---- tool Version: 2.5.10. ScriptVersion: 0.1.0. Pythoncore: 3.7.3. Protocol: EB8AE9F114C8797B1E70E1A629686A27. Config: Release X64. Built: 13:55:18 Feb  9 2025. AppID: 18446744073709551615. UID: 42997. PID: 3080 ----
  INFO root [2025-02-25 19:53:47,073] - Server 14589: 12th Gen Intel(R) Core(TM) i7-12650H with 16502664kB RAM
  INFO root [2025-02-25 19:53:47,073] - ThreadPool::createThreadPool: creating  threadpool...
  INFO root [2025-02-25 19:53:47,073] - ThreadPool::createThreadPool: successfully(2), newThreadCount=1, normalMaxThreadCount=2, maxThreadCount=8
  INFO root [2025-02-25 19:53:47,211] - Script::install(): is successfully, Python=(3.7.3 (default, Feb  9 2025, 13:54:30) [MSC v.1942 64 bit (AMD64)])!
  INFO root [2025-02-25 19:53:47,211] - Script::install(): KBExtra is successfully!
 DEBUG root [2025-02-25 19:53:47,799] - ClientSDK::writeServerErrorDescrsModule(): D:\IT\Unity\Project\Click\Assets\Plugins\kbengine_unity3d_plugins//ServerErrorDescrs.cs
 DEBUG root [2025-02-25 19:53:47,799] - ClientSDK::saveFile(): D:\IT\Unity\Project\Click\Assets\Plugins\kbengine_unity3d_plugins/ServerErrorDescrs.cs
 DEBUG root [2025-02-25 19:53:47,800] - ClientSDK::writeEngineMessagesModule(): D:\IT\Unity\Project\Click\Assets\Plugins\kbengine_unity3d_plugins//Messages.cs
 DEBUG root [2025-02-25 19:53:47,800] - ClientSDK::saveFile(): D:\IT\Unity\Project\Click\Assets\Plugins\kbengine_unity3d_plugins/Messages.cs
 DEBUG root [2025-02-25 19:53:47,801] - ClientSDK::saveFile(): D:\IT\Unity\Project\Click\Assets\Plugins\kbengine_unity3d_plugins/KBETypes.cs
 DEBUG root [2025-02-25 19:53:47,801] - ClientSDK::writeEntityDefsModule(): D:\IT\Unity\Project\Click\Assets\Plugins\kbengine_unity3d_plugins//EntityDef.cs
 DEBUG root [2025-02-25 19:53:47,801] - ClientSDK::saveFile(): D:\IT\Unity\Project\Click\Assets\Plugins\kbengine_unity3d_plugins/EntityDef.cs
 DEBUG root [2025-02-25 19:53:47,802] - ClientSDK::saveFile(): D:\IT\Unity\Project\Click\Assets\Plugins\kbengine_unity3d_plugins/CustomDataTypes.cs
 DEBUG root [2025-02-25 19:53:47,802] - ClientSDK::writeEntityModule(): D:\IT\Unity\Project\Click\Assets\Plugins\kbengine_unity3d_plugins//Account
 DEBUG root [2025-02-25 19:53:47,803] - ClientSDK::saveFile(): D:\IT\Unity\Project\Click\Assets\Plugins\kbengine_unity3d_plugins/AccountBase.cs
 DEBUG root [2025-02-25 19:53:47,803] - ClientSDK::saveFile(): D:\IT\Unity\Project\Click\Assets\Plugins\kbengine_unity3d_plugins/EntityCallAccountBase.cs
 DEBUG root [2025-02-25 19:53:47,804] - ClientSDK::writeEntityModule(): D:\IT\Unity\Project\Click\Assets\Plugins\kbengine_unity3d_plugins//Avatar
 DEBUG root [2025-02-25 19:53:47,804] - ClientSDK::saveFile(): D:\IT\Unity\Project\Click\Assets\Plugins\kbengine_unity3d_plugins/AvatarBase.cs
 DEBUG root [2025-02-25 19:53:47,804] - ClientSDK::saveFile(): D:\IT\Unity\Project\Click\Assets\Plugins\kbengine_unity3d_plugins/EntityCallAvatarBase.cs
 DEBUG root [2025-02-25 19:53:47,806] - ClientSDK::writeEntityModule(): D:\IT\Unity\Project\Click\Assets\Plugins\kbengine_unity3d_plugins//Monster
 DEBUG root [2025-02-25 19:53:47,806] - ClientSDK::saveFile(): D:\IT\Unity\Project\Click\Assets\Plugins\kbengine_unity3d_plugins/MonsterBase.cs
 DEBUG root [2025-02-25 19:53:47,806] - ClientSDK::saveFile(): D:\IT\Unity\Project\Click\Assets\Plugins\kbengine_unity3d_plugins/EntityCallMonsterBase.cs
 DEBUG root [2025-02-25 19:53:47,806] - ClientSDK::writeEntityModule(): D:\IT\Unity\Project\Click\Assets\Plugins\kbengine_unity3d_plugins//NPC
 DEBUG root [2025-02-25 19:53:47,806] - ClientSDK::saveFile(): D:\IT\Unity\Project\Click\Assets\Plugins\kbengine_unity3d_plugins/NPCBase.cs
 DEBUG root [2025-02-25 19:53:47,806] - ClientSDK::saveFile(): D:\IT\Unity\Project\Click\Assets\Plugins\kbengine_unity3d_plugins/EntityCallNPCBase.cs
 DEBUG root [2025-02-25 19:53:47,806] - ClientSDK::writeEntityModule(): D:\IT\Unity\Project\Click\Assets\Plugins\kbengine_unity3d_plugins//Space
 DEBUG root [2025-02-25 19:53:47,807] - ClientSDK::saveFile(): D:\IT\Unity\Project\Click\Assets\Plugins\kbengine_unity3d_plugins/SpaceBase.cs
 DEBUG root [2025-02-25 19:53:47,807] - ClientSDK::saveFile(): D:\IT\Unity\Project\Click\Assets\Plugins\kbengine_unity3d_plugins/EntityCallSpaceBase.cs
 DEBUG root [2025-02-25 19:53:47,807] - ClientSDK::writeEntityModule(): D:\IT\Unity\Project\Click\Assets\Plugins\kbengine_unity3d_plugins//SpawnPoint
 DEBUG root [2025-02-25 19:53:47,807] - ClientSDK::saveFile(): D:\IT\Unity\Project\Click\Assets\Plugins\kbengine_unity3d_plugins/SpawnPointBase.cs
 DEBUG root [2025-02-25 19:53:47,807] - ClientSDK::saveFile(): D:\IT\Unity\Project\Click\Assets\Plugins\kbengine_unity3d_plugins/EntityCallSpawnPointBase.cs
  INFO root [2025-02-25 19:53:47,818] - Script::uninstall(): is successfully!
 DEBUG root [2025-02-25 19:53:47,818] - ThreadPool::destroy(): starting size 2.
  WARN root [2025-02-25 19:53:48,131] - ThreadPool::destroy(): waiting for thread(2)[0x20b1d19b230,0x20b1d19b5b0,], try=1
 DEBUG root [2025-02-25 19:53:48,550] - TPThread::~TPThread(): 0x20b1d19b230
 DEBUG root [2025-02-25 19:53:48,550] - TPThread::~TPThread(): 0x20b1d19b5b0
 DEBUG root [2025-02-25 19:53:48,550] - ThreadPool::destroy(): successfully!
 DEBUG root [2025-02-25 19:53:48,551] - Bundle::destroyObjPool(): size 4.
 DEBUG root [2025-02-25 19:53:48,551] - Channel::destroyObjPool(): size 0.
 DEBUG root [2025-02-25 19:53:48,551] - TCPPacket::destroyObjPool(): size 0.
 DEBUG root [2025-02-25 19:53:48,551] - UDPPacket::destroyObjPool(): size 0.
 DEBUG root [2025-02-25 19:53:48,551] - EndPoint::destroyObjPool(): size 0.
 DEBUG root [2025-02-25 19:53:48,551] - Address::destroyObjPool(): size 0.
 DEBUG root [2025-02-25 19:53:48,551] - TCPPacketReceiver::destroyObjPool(): size 0.
 DEBUG root [2025-02-25 19:53:48,551] - UDPPacketReceiver::destroyObjPool(): size 0.
  INFO root [2025-02-25 19:53:48,551] - tool(18446744073709551615) has shut down. ClientSDK=true
  INFO root [2025-02-25 19:53:49,564] - EventDispatcher()::~EventDispatcher: Num timers = 2
  INFO root [2025-02-26 19:05:11,438] - 
  INFO root [2025-02-26 19:05:11,438] - -----------------------------------------------------------------------------------------


  INFO root [2025-02-26 19:05:11,438] - Resmgr::initialize: KBE_ROOT=D:/IT/kbengine/
  INFO root [2025-02-26 19:05:11,438] - Resmgr::initialize: KBE_RES_PATH=D:/IT/kbengine/kbe/res/;D:/IT/kbengine/click/;D:/IT/kbengine/click/scripts/;D:/IT/kbengine/click/res/
  INFO root [2025-02-26 19:05:11,438] - Resmgr::initialize: KBE_BIN_PATH=D:/IT/kbengine/kbe/bin/server/
  INFO root [2025-02-26 19:05:11,445] - NetworkInterface::initialize(INTERNAL-TCP): bound to all interfaces with default route interface on 192.168.192.10 ( 192.168.192.10:54700 )
  INFO root [2025-02-26 19:05:11,445] - NetworkInterface::initialize(INTERNAL-TCP): address 192.168.192.10:54700, SOMAXCONN=511.
  INFO root [2025-02-26 19:05:11,451] - ---- tool Version: 2.5.10. ScriptVersion: 0.1.0. Pythoncore: 3.7.3. Protocol: EB8AE9F114C8797B1E70E1A629686A27. Config: Release X64. Built: 13:55:18 Feb  9 2025. AppID: 18446744073709551615. UID: 42997. PID: 14072 ----
  INFO root [2025-02-26 19:05:11,451] - Server 14589: 12th Gen Intel(R) Core(TM) i7-12650H with 16502664kB RAM
  INFO root [2025-02-26 19:05:11,451] - ThreadPool::createThreadPool: creating  threadpool...
  INFO root [2025-02-26 19:05:11,451] - ThreadPool::createThreadPool: successfully(2), newThreadCount=1, normalMaxThreadCount=2, maxThreadCount=8
  INFO root [2025-02-26 19:05:11,770] - Script::install(): is successfully, Python=(3.7.3 (default, Feb  9 2025, 13:54:30) [MSC v.1942 64 bit (AMD64)])!
  INFO root [2025-02-26 19:05:11,771] - Script::install(): KBExtra is successfully!
 DEBUG root [2025-02-26 19:05:12,476] - ClientSDK::writeServerErrorDescrsModule(): D:\IT\Unity\Project\Click\Assets\Plugins\kbengine_unity3d_plugins//ServerErrorDescrs.cs
 DEBUG root [2025-02-26 19:05:12,476] - ClientSDK::saveFile(): D:\IT\Unity\Project\Click\Assets\Plugins\kbengine_unity3d_plugins/ServerErrorDescrs.cs
 DEBUG root [2025-02-26 19:05:12,477] - ClientSDK::writeEngineMessagesModule(): D:\IT\Unity\Project\Click\Assets\Plugins\kbengine_unity3d_plugins//Messages.cs
 DEBUG root [2025-02-26 19:05:12,477] - ClientSDK::saveFile(): D:\IT\Unity\Project\Click\Assets\Plugins\kbengine_unity3d_plugins/Messages.cs
 DEBUG root [2025-02-26 19:05:12,478] - ClientSDK::saveFile(): D:\IT\Unity\Project\Click\Assets\Plugins\kbengine_unity3d_plugins/KBETypes.cs
 DEBUG root [2025-02-26 19:05:12,479] - ClientSDK::writeEntityDefsModule(): D:\IT\Unity\Project\Click\Assets\Plugins\kbengine_unity3d_plugins//EntityDef.cs
 DEBUG root [2025-02-26 19:05:12,479] - ClientSDK::saveFile(): D:\IT\Unity\Project\Click\Assets\Plugins\kbengine_unity3d_plugins/EntityDef.cs
 DEBUG root [2025-02-26 19:05:12,480] - ClientSDK::saveFile(): D:\IT\Unity\Project\Click\Assets\Plugins\kbengine_unity3d_plugins/CustomDataTypes.cs
 DEBUG root [2025-02-26 19:05:12,480] - ClientSDK::writeEntityModule(): D:\IT\Unity\Project\Click\Assets\Plugins\kbengine_unity3d_plugins//Account
 DEBUG root [2025-02-26 19:05:12,481] - ClientSDK::saveFile(): D:\IT\Unity\Project\Click\Assets\Plugins\kbengine_unity3d_plugins/AccountBase.cs
 DEBUG root [2025-02-26 19:05:12,482] - ClientSDK::saveFile(): D:\IT\Unity\Project\Click\Assets\Plugins\kbengine_unity3d_plugins/EntityCallAccountBase.cs
 DEBUG root [2025-02-26 19:05:12,482] - ClientSDK::writeEntityModule(): D:\IT\Unity\Project\Click\Assets\Plugins\kbengine_unity3d_plugins//Avatar
 DEBUG root [2025-02-26 19:05:12,483] - ClientSDK::saveFile(): D:\IT\Unity\Project\Click\Assets\Plugins\kbengine_unity3d_plugins/AvatarBase.cs
 DEBUG root [2025-02-26 19:05:12,483] - ClientSDK::saveFile(): D:\IT\Unity\Project\Click\Assets\Plugins\kbengine_unity3d_plugins/EntityCallAvatarBase.cs
 DEBUG root [2025-02-26 19:05:12,484] - ClientSDK::writeEntityModule(): D:\IT\Unity\Project\Click\Assets\Plugins\kbengine_unity3d_plugins//Monster
 DEBUG root [2025-02-26 19:05:12,484] - ClientSDK::saveFile(): D:\IT\Unity\Project\Click\Assets\Plugins\kbengine_unity3d_plugins/MonsterBase.cs
 DEBUG root [2025-02-26 19:05:12,484] - ClientSDK::saveFile(): D:\IT\Unity\Project\Click\Assets\Plugins\kbengine_unity3d_plugins/EntityCallMonsterBase.cs
 DEBUG root [2025-02-26 19:05:12,485] - ClientSDK::writeEntityModule(): D:\IT\Unity\Project\Click\Assets\Plugins\kbengine_unity3d_plugins//NPC
 DEBUG root [2025-02-26 19:05:12,485] - ClientSDK::saveFile(): D:\IT\Unity\Project\Click\Assets\Plugins\kbengine_unity3d_plugins/NPCBase.cs
 DEBUG root [2025-02-26 19:05:12,485] - ClientSDK::saveFile(): D:\IT\Unity\Project\Click\Assets\Plugins\kbengine_unity3d_plugins/EntityCallNPCBase.cs
 DEBUG root [2025-02-26 19:05:12,485] - ClientSDK::writeEntityModule(): D:\IT\Unity\Project\Click\Assets\Plugins\kbengine_unity3d_plugins//Space
 DEBUG root [2025-02-26 19:05:12,485] - ClientSDK::saveFile(): D:\IT\Unity\Project\Click\Assets\Plugins\kbengine_unity3d_plugins/SpaceBase.cs
 DEBUG root [2025-02-26 19:05:12,485] - ClientSDK::saveFile(): D:\IT\Unity\Project\Click\Assets\Plugins\kbengine_unity3d_plugins/EntityCallSpaceBase.cs
 DEBUG root [2025-02-26 19:05:12,487] - ClientSDK::writeEntityModule(): D:\IT\Unity\Project\Click\Assets\Plugins\kbengine_unity3d_plugins//SpawnPoint
 DEBUG root [2025-02-26 19:05:12,487] - ClientSDK::saveFile(): D:\IT\Unity\Project\Click\Assets\Plugins\kbengine_unity3d_plugins/SpawnPointBase.cs
 DEBUG root [2025-02-26 19:05:12,487] - ClientSDK::saveFile(): D:\IT\Unity\Project\Click\Assets\Plugins\kbengine_unity3d_plugins/EntityCallSpawnPointBase.cs
  INFO root [2025-02-26 19:05:12,494] - Script::uninstall(): is successfully!
 DEBUG root [2025-02-26 19:05:12,494] - ThreadPool::destroy(): starting size 2.
  WARN root [2025-02-26 19:05:12,806] - ThreadPool::destroy(): waiting for thread(2)[0x21ee1fd6150,0x21ee1fd6310,], try=1
 DEBUG root [2025-02-26 19:05:13,229] - TPThread::~TPThread(): 0x21ee1fd6150
 DEBUG root [2025-02-26 19:05:13,229] - TPThread::~TPThread(): 0x21ee1fd6310
 DEBUG root [2025-02-26 19:05:13,229] - ThreadPool::destroy(): successfully!
 DEBUG root [2025-02-26 19:05:13,233] - Bundle::destroyObjPool(): size 4.
 DEBUG root [2025-02-26 19:05:13,233] - Channel::destroyObjPool(): size 0.
 DEBUG root [2025-02-26 19:05:13,233] - TCPPacket::destroyObjPool(): size 0.
 DEBUG root [2025-02-26 19:05:13,233] - UDPPacket::destroyObjPool(): size 0.
 DEBUG root [2025-02-26 19:05:13,233] - EndPoint::destroyObjPool(): size 0.
 DEBUG root [2025-02-26 19:05:13,233] - Address::destroyObjPool(): size 0.
 DEBUG root [2025-02-26 19:05:13,233] - TCPPacketReceiver::destroyObjPool(): size 0.
 DEBUG root [2025-02-26 19:05:13,233] - UDPPacketReceiver::destroyObjPool(): size 0.
  INFO root [2025-02-26 19:05:13,233] - tool(18446744073709551615) has shut down. ClientSDK=true
  INFO root [2025-02-26 19:05:14,240] - EventDispatcher()::~EventDispatcher: Num timers = 2
  INFO root [2025-02-26 23:32:03,387] - 
  INFO root [2025-02-26 23:32:03,387] - -----------------------------------------------------------------------------------------


  INFO root [2025-02-26 23:32:03,387] - Resmgr::initialize: KBE_ROOT=D:/IT/kbengine/
  INFO root [2025-02-26 23:32:03,387] - Resmgr::initialize: KBE_RES_PATH=D:/IT/kbengine/kbe/res/;D:/IT/kbengine/click/;D:/IT/kbengine/click/scripts/;D:/IT/kbengine/click/res/
  INFO root [2025-02-26 23:32:03,387] - Resmgr::initialize: KBE_BIN_PATH=D:/IT/kbengine/kbe/bin/server/
  INFO root [2025-02-26 23:32:03,393] - NetworkInterface::initialize(INTERNAL-TCP): bound to all interfaces with default route interface on 192.168.192.10 ( 192.168.192.10:62759 )
  INFO root [2025-02-26 23:32:03,393] - NetworkInterface::initialize(INTERNAL-TCP): address 192.168.192.10:62759, SOMAXCONN=511.
  INFO root [2025-02-26 23:32:03,395] - ---- tool Version: 2.5.10. ScriptVersion: 0.1.0. Pythoncore: 3.7.3. Protocol: EB8AE9F114C8797B1E70E1A629686A27. Config: Release X64. Built: 13:55:18 Feb  9 2025. AppID: 18446744073709551615. UID: 42997. PID: 26220 ----
  INFO root [2025-02-26 23:32:03,395] - Server 14589: 12th Gen Intel(R) Core(TM) i7-12650H with 16502664kB RAM
  INFO root [2025-02-26 23:32:03,396] - ThreadPool::createThreadPool: creating  threadpool...
  INFO root [2025-02-26 23:32:03,396] - ThreadPool::createThreadPool: successfully(2), newThreadCount=1, normalMaxThreadCount=2, maxThreadCount=8
  INFO root [2025-02-26 23:32:03,533] - Script::install(): is successfully, Python=(3.7.3 (default, Feb  9 2025, 13:54:30) [MSC v.1942 64 bit (AMD64)])!
  INFO root [2025-02-26 23:32:03,533] - Script::install(): KBExtra is successfully!
 DEBUG root [2025-02-26 23:32:03,951] - ClientSDK::writeServerErrorDescrsModule(): D:\IT\Unity\Project\Click\Assets\Plugins\kbengine_unity3d_plugins//ServerErrorDescrs.cs
 DEBUG root [2025-02-26 23:32:03,951] - ClientSDK::saveFile(): D:\IT\Unity\Project\Click\Assets\Plugins\kbengine_unity3d_plugins/ServerErrorDescrs.cs
 DEBUG root [2025-02-26 23:32:03,951] - ClientSDK::writeEngineMessagesModule(): D:\IT\Unity\Project\Click\Assets\Plugins\kbengine_unity3d_plugins//Messages.cs
 DEBUG root [2025-02-26 23:32:03,951] - ClientSDK::saveFile(): D:\IT\Unity\Project\Click\Assets\Plugins\kbengine_unity3d_plugins/Messages.cs
 DEBUG root [2025-02-26 23:32:03,952] - ClientSDK::saveFile(): D:\IT\Unity\Project\Click\Assets\Plugins\kbengine_unity3d_plugins/KBETypes.cs
 DEBUG root [2025-02-26 23:32:03,952] - ClientSDK::writeEntityDefsModule(): D:\IT\Unity\Project\Click\Assets\Plugins\kbengine_unity3d_plugins//EntityDef.cs
 DEBUG root [2025-02-26 23:32:03,952] - ClientSDK::saveFile(): D:\IT\Unity\Project\Click\Assets\Plugins\kbengine_unity3d_plugins/EntityDef.cs
 DEBUG root [2025-02-26 23:32:03,953] - ClientSDK::saveFile(): D:\IT\Unity\Project\Click\Assets\Plugins\kbengine_unity3d_plugins/CustomDataTypes.cs
 DEBUG root [2025-02-26 23:32:03,953] - ClientSDK::writeEntityModule(): D:\IT\Unity\Project\Click\Assets\Plugins\kbengine_unity3d_plugins//Account
 DEBUG root [2025-02-26 23:32:03,953] - ClientSDK::saveFile(): D:\IT\Unity\Project\Click\Assets\Plugins\kbengine_unity3d_plugins/AccountBase.cs
 DEBUG root [2025-02-26 23:32:03,955] - ClientSDK::saveFile(): D:\IT\Unity\Project\Click\Assets\Plugins\kbengine_unity3d_plugins/EntityCallAccountBase.cs
 DEBUG root [2025-02-26 23:32:03,955] - ClientSDK::writeEntityModule(): D:\IT\Unity\Project\Click\Assets\Plugins\kbengine_unity3d_plugins//Avatar
 DEBUG root [2025-02-26 23:32:03,956] - ClientSDK::saveFile(): D:\IT\Unity\Project\Click\Assets\Plugins\kbengine_unity3d_plugins/AvatarBase.cs
 DEBUG root [2025-02-26 23:32:03,956] - ClientSDK::saveFile(): D:\IT\Unity\Project\Click\Assets\Plugins\kbengine_unity3d_plugins/EntityCallAvatarBase.cs
 DEBUG root [2025-02-26 23:32:03,956] - ClientSDK::writeEntityModule(): D:\IT\Unity\Project\Click\Assets\Plugins\kbengine_unity3d_plugins//Monster
 DEBUG root [2025-02-26 23:32:03,957] - ClientSDK::saveFile(): D:\IT\Unity\Project\Click\Assets\Plugins\kbengine_unity3d_plugins/MonsterBase.cs
 DEBUG root [2025-02-26 23:32:03,958] - ClientSDK::saveFile(): D:\IT\Unity\Project\Click\Assets\Plugins\kbengine_unity3d_plugins/EntityCallMonsterBase.cs
 DEBUG root [2025-02-26 23:32:03,958] - ClientSDK::writeEntityModule(): D:\IT\Unity\Project\Click\Assets\Plugins\kbengine_unity3d_plugins//NPC
 DEBUG root [2025-02-26 23:32:03,958] - ClientSDK::saveFile(): D:\IT\Unity\Project\Click\Assets\Plugins\kbengine_unity3d_plugins/NPCBase.cs
 DEBUG root [2025-02-26 23:32:03,958] - ClientSDK::saveFile(): D:\IT\Unity\Project\Click\Assets\Plugins\kbengine_unity3d_plugins/EntityCallNPCBase.cs
 DEBUG root [2025-02-26 23:32:03,959] - ClientSDK::writeEntityModule(): D:\IT\Unity\Project\Click\Assets\Plugins\kbengine_unity3d_plugins//Space
 DEBUG root [2025-02-26 23:32:03,959] - ClientSDK::saveFile(): D:\IT\Unity\Project\Click\Assets\Plugins\kbengine_unity3d_plugins/SpaceBase.cs
 DEBUG root [2025-02-26 23:32:03,959] - ClientSDK::saveFile(): D:\IT\Unity\Project\Click\Assets\Plugins\kbengine_unity3d_plugins/EntityCallSpaceBase.cs
 DEBUG root [2025-02-26 23:32:03,959] - ClientSDK::writeEntityModule(): D:\IT\Unity\Project\Click\Assets\Plugins\kbengine_unity3d_plugins//SpawnPoint
 DEBUG root [2025-02-26 23:32:03,959] - ClientSDK::saveFile(): D:\IT\Unity\Project\Click\Assets\Plugins\kbengine_unity3d_plugins/SpawnPointBase.cs
 DEBUG root [2025-02-26 23:32:03,961] - ClientSDK::saveFile(): D:\IT\Unity\Project\Click\Assets\Plugins\kbengine_unity3d_plugins/EntityCallSpawnPointBase.cs
  INFO root [2025-02-26 23:32:03,971] - Script::uninstall(): is successfully!
 DEBUG root [2025-02-26 23:32:03,971] - ThreadPool::destroy(): starting size 2.
  WARN root [2025-02-26 23:32:04,284] - ThreadPool::destroy(): waiting for thread(2)[0x1f001bec8a0,0x1f001bed160,], try=1
 DEBUG root [2025-02-26 23:32:04,708] - TPThread::~TPThread(): 0x1f001bec8a0
 DEBUG root [2025-02-26 23:32:04,708] - TPThread::~TPThread(): 0x1f001bed160
 DEBUG root [2025-02-26 23:32:04,708] - ThreadPool::destroy(): successfully!
 DEBUG root [2025-02-26 23:32:04,711] - Bundle::destroyObjPool(): size 4.
 DEBUG root [2025-02-26 23:32:04,712] - Channel::destroyObjPool(): size 0.
 DEBUG root [2025-02-26 23:32:04,712] - TCPPacket::destroyObjPool(): size 0.
 DEBUG root [2025-02-26 23:32:04,712] - UDPPacket::destroyObjPool(): size 0.
 DEBUG root [2025-02-26 23:32:04,712] - EndPoint::destroyObjPool(): size 0.
 DEBUG root [2025-02-26 23:32:04,712] - Address::destroyObjPool(): size 0.
 DEBUG root [2025-02-26 23:32:04,712] - TCPPacketReceiver::destroyObjPool(): size 0.
 DEBUG root [2025-02-26 23:32:04,712] - UDPPacketReceiver::destroyObjPool(): size 0.
  INFO root [2025-02-26 23:32:04,712] - tool(18446744073709551615) has shut down. ClientSDK=true
  INFO root [2025-02-26 23:32:05,722] - EventDispatcher()::~EventDispatcher: Num timers = 2
